/Library/Frameworks/Python.framework/Versions/3.13/lib/python3.13/site-packages/requests/__init__.py:113: RequestsDependencyWarning: urllib3 (1.26.20) or chardet (6.0.0.post1)/charset_normalizer (3.4.1) doesn't match a supported version!
  warnings.warn(
Loaded catalog with 869 images.
Starting Vision Audit...

Auditing: Bronze mask - ch02 - 通用.jpg
  [ERROR] Failed to audit Bronze mask - ch02 - 通用.jpg: [SSL: UNEXPECTED_EOF_WHILE_READING] EOF occurred in violation of protocol (_ssl.c:1028)

Auditing: Bronze tripod - ch02 - 通用.jpg
  [ERROR] Failed to audit Bronze tripod - ch02 - 通用.jpg: [SSL: UNEXPECTED_EOF_WHILE_READING] EOF occurred in violation of protocol (_ssl.c:1028)

Auditing: Ceramic bowl - ch02 - 通用.jpg
  -> Safe: True | Score: 7/10 | Reason: None

Auditing: Courage to delete - - 通用.jpg
  -> Safe: True | Score: 7/10 | Reason: None

Auditing: Court officials - ch - 通用.jpg
  -> Safe: True | Score: 6/10 | Reason: None

Auditing: Crumbling stone - ch - 通用.jpg
  -> Safe: True | Score: 7/10 | Reason: None

Auditing: Daily loss - ch02 - 通用.jpg
  -> Safe: True | Score: 6/10 | Reason: None

Auditing: Dead wood new sprout - 通用.jpg
  -> Safe: True | Score: 7/10 | Reason: None

Auditing: Deep well - ch02 - 通用.jpg
  -> Safe: True | Score: 6/10 | Reason: None

Auditing: Desire thorns - ch02 - 通用.jpg
  -> Safe: True | Score: 7/10 | Reason: None

Auditing: Empty robe - ch02 - 通用.jpg
  -> Safe: True | Score: 7/10 | Reason: None

Auditing: Empty throne - ch02 - 通用.jpg
  -> Safe: True | Score: 7/10 | Reason: None

Auditing: Endless slips - ch02 - 通用.jpg
  -> Safe: True | Score: 6/10 | Reason: None

Auditing: Flat inkstone - ch01 - 通用.png
  -> Safe: True | Score: 6/10 | Reason: None

Auditing: Flat rice paper - ch - 通用.png
  -> Safe: True | Score: 6/10 | Reason: None

Auditing: Flat wood board - ch - 通用.png
  -> Safe: True | Score: 6/10 | Reason: None

Auditing: Guarding the black - - 通用.jpg
  -> Safe: True | Score: 7/10 | Reason: None

Auditing: Half open window - c - 通用.jpg
  -> Safe: True | Score: 7/10 | Reason: None

Auditing: Hand brush - ch02 - 通用.jpg
  -> Safe: True | Score: 7/10 | Reason: None

Auditing: Hand over paper - ch - 通用.jpg
  -> Safe: True | Score: 7/10 | Reason: None

Auditing: Hand with brush - ch - 通用.jpg
  -> Safe: True | Score: 7/10 | Reason: None

Auditing: Heavy lock - ch02 - 通用.jpg
  -> Safe: True | Score: 7/10 | Reason: None

Auditing: Hemp screen - ch02 - 通用.jpg
  -> Safe: True | Score: 7/10 | Reason: None

Auditing: Identity mask - ch02 - 通用.jpg
  -> Safe: True | Score: 7/10 | Reason: None

Auditing: Ink ripple - ch02 - 通用.jpg
  -> Safe: True | Score: 7/10 | Reason: None

Auditing: Knowing when to stop - 通用.jpg
  -> Safe: True | Score: 7/10 | Reason: None

Auditing: Knowledge pile - ch0 - 通用.jpg
  -> Safe: True | Score: 7/10 | Reason: None

Auditing: Lamp and bowl - ch02 - 通用.jpg
  -> Safe: True | Score: 7/10 | Reason: None

Auditing: Less is more - ch02 - 通用.jpg
  -> Safe: True | Score: 7/10 | Reason: None

Auditing: Linen back - ch02 - 通用.jpg
  -> Safe: True | Score: 7/10 | Reason: None

Auditing: Meditating sage - ch - 通用.jpg
  -> Safe: True | Score: 7/10 | Reason: None

Auditing: Monastery on cliff - - 通用.jpg
  -> Safe: True | Score: 6/10 | Reason: None

Auditing: Palace eaves - ch02 - 通用.jpg
  -> Safe: True | Score: 7/10 | Reason: None

Auditing: Palace under snow mo - 通用.jpg
  -> Safe: True | Score: 7/10 | Reason: None

Auditing: Palace walls - ch02 - 通用.jpg
  -> Safe: True | Score: 7/10 | Reason: None

Auditing: Pavilion and crashin - 通用.jpg
  -> Safe: True | Score: 6/10 | Reason: None

Auditing: Pavilion empty scrol - 通用.png
  -> Safe: True | Score: 7/10 | Reason: None

Auditing: Peeling identity - c - 通用.jpg
  -> Safe: True | Score: 7/10 | Reason: None

Auditing: Peeling paper - ch02 - 通用.jpg
  -> Safe: True | Score: 7/10 | Reason: None

Auditing: Physical scrolls - c - 通用.jpg
  -> Safe: True | Score: 7/10 | Reason: None

Auditing: Pure courtyard - ch0 - 通用.png
  -> Safe: True | Score: 7/10 | Reason: None

Auditing: Pure dewdrop - ch02 - 通用.jpg
  -> Safe: True | Score: 7/10 | Reason: None

Auditing: Pure forest walk - c - 通用.png
  -> Safe: True | Score: 7/10 | Reason: None

Auditing: Pure lotus - ch01 - 通用.png
  -> Safe: True | Score: 7/10 | Reason: None

Auditing: Pure mirror - ch01 - 通用.png
  -> Safe: True | Score: 7/10 | Reason: None

Auditing: Pure mist - ch01 - 通用.png
  -> Safe: True | Score: 7/10 | Reason: None

Auditing: Pure pebble - ch01 - 通用.png
  -> Safe: True | Score: 7/10 | Reason: None

Auditing: Pure ripples - ch01 - 通用.png
  -> Safe: True | Score: 7/10 | Reason: None

Auditing: Pure silk circle - c - 通用.png
  -> Safe: True | Score: 7/10 | Reason: None

Auditing: Pure slips - ch01 - 通用.png
  -> Safe: True | Score: 7/10 | Reason: None

Auditing: Pure smoke - ch01 - 通用.png
  -> Safe: True | Score: 6/10 | Reason: None

Auditing: Real pine cliff - ch - 通用.jpg
  -> Safe: True | Score: 7/10 | Reason: None

Auditing: Real thorns - ch02 - 通用.jpg
  -> Safe: True | Score: 4/10 | Reason: None

Auditing: Resting brush - ch02 - 通用.jpg
  -> Safe: True | Score: 7/10 | Reason: None

Auditing: Sage hands tea - ch0 - 通用.png
  -> Safe: True | Score: 7/10 | Reason: None

Auditing: Sage insight - ch01 - 通用.png
  -> Safe: True | Score: 7/10 | Reason: None

Auditing: Sage meditating wide - 通用.png
  -> Safe: True | Score: 7/10 | Reason: None

Auditing: Scattered stalks - c - 通用.jpg
  -> Safe: True | Score: 7/10 | Reason: None

Auditing: Stone water - ch02 - 通用.jpg
  -> Safe: True | Score: 6/10 | Reason: None

Auditing: Storm over imperial - 通用.jpg
  -> Safe: True | Score: 6/10 | Reason: None

Auditing: Template bamboo slip - 通用.png
  -> Safe: True | Score: 7/10 | Reason: None

Auditing: Template bamboo slip - 通用 (1).png
  -> Safe: False | Score: 6/10 | Reason: The scroll material has a porous texture resembling bone.
  [REJECTED] Moving Template bamboo slip - 通用 (1).png to rejected folder.

Auditing: Template rice paper - 通用.png
  -> Safe: True | Score: 7/10 | Reason: None

Auditing: Template silk banner - 通用.png
  -> Safe: True | Score: 7/10 | Reason: None

Auditing: Template stele - ch0 - 通用.png
  -> Safe: True | Score: 6/10 | Reason: None

Auditing: Uncarved block - ch0 - 通用.jpg
  -> Safe: True | Score: 7/10 | Reason: None

Auditing: Value of void - ch02 - 通用.jpg
  -> Safe: True | Score: 7/10 | Reason: None

Auditing: Water carving rock - - 通用.jpg
  -> Safe: True | Score: 7/10 | Reason: None

Auditing: Wheel and hub - ch02 - 通用.jpg
  -> Safe: True | Score: 7/10 | Reason: None

Auditing: Wooden window - ch02 - 通用.jpg
  -> Safe: True | Score: 6/10 | Reason: None

Auditing: Ancient Horse - 通用.jpg
  -> Safe: True | Score: 7/10 | Reason: None

Auditing: Pottery Rice - 通用.jpg
  -> Safe: True | Score: 7/10 | Reason: None

Auditing: Wooden Basin Stars - 通用.jpg
  -> Safe: True | Score: 7/10 | Reason: None

Auditing: Paper Window Moon - 通用.jpg
  -> Safe: True | Score: 6/10 | Reason: None

Auditing: Peeling Lacquer - 通用.jpg
  -> Safe: True | Score: 6/10 | Reason: None

Auditing: Straw Rope Cut - 通用.jpg
  -> Safe: True | Score: 6/10 | Reason: None

Auditing: Communal Stone Mill - 通用.jpg
  -> Safe: True | Score: 7/10 | Reason: None

Auditing: Murky Pottery Water - 通用.jpg
  -> Safe: True | Score: 6/10 | Reason: None

Auditing: Vine Shield - 通用.jpg
  -> Safe: True | Score: 6/10 | Reason: None

Auditing: Stone Oil Lamp - 通用.jpg
  -> Safe: True | Score: 7/10 | Reason: None

Auditing: Bowing Official Shad - Ch02.jpg
  -> Safe: True | Score: 7/10 | Reason: None

Auditing: Plc 01 Towering Wall - 通用.jpg
  -> Safe: True | Score: 7/10 | Reason: None

Auditing: Plc 02 Pillar Corrid - 通用.jpg
  -> Safe: True | Score: 7/10 | Reason: None

Auditing: Plc 03 Weapon Rack - 通用.jpg
  -> Safe: True | Score: 4/10 | Reason: None

Auditing: Plc 04 Midnight Cour - 通用.jpg
  -> Safe: True | Score: 7/10 | Reason: None

Auditing: Plc 05 Cooking Fish - 通用.jpg
  -> Safe: True | Score: 7/10 | Reason: None

Auditing: Plc 06 Stone Base Si - 通用.jpg
  -> Safe: True | Score: 7/10 | Reason: None

Auditing: Plc 07 Mirror Basin - 通用.jpg
  -> Safe: True | Score: 7/10 | Reason: None

Auditing: Plc 08 Meticulous Go - 通用.jpg
  -> Safe: True | Score: 7/10 | Reason: None

Auditing: Plc 09 Imperial Seal - 通用.jpg
  -> Safe: True | Score: 7/10 | Reason: None

Auditing: Plc 10 Empty Dragon - 通用.jpg
  -> Safe: True | Score: 7/10 | Reason: None

Auditing: Plc 11 Broken Beads - 通用.jpg
  -> Safe: True | Score: 7/10 | Reason: None

Auditing: Plc 12 Discarded Tab - 通用.jpg
  -> Safe: True | Score: 6/10 | Reason: None

Auditing: Plc 13 Rain Drainage - 通用.jpg
  -> Safe: True | Score: 7/10 | Reason: None

Auditing: Plc 14 Moongate Gard - 通用.jpg
  -> Safe: True | Score: 7/10 | Reason: None

Auditing: Plc 15 Empty Throne - 通用.jpg
  -> Safe: True | Score: 7/10 | Reason: None

Auditing: Plc 16 Snowy Dougong - 通用.jpg
  -> Safe: True | Score: 7/10 | Reason: None

Auditing: Plc 17 Snowy Sacrifi - 通用.jpg
  -> Safe: True | Score: 7/10 | Reason: None

Auditing: Plc 18 Astronomical - 通用.jpg
  -> Safe: True | Score: 6/10 | Reason: None

Auditing: Plc 19 Forbidden Cit - 通用.jpg
  -> Safe: True | Score: 6/10 | Reason: None

Auditing: Plc 20 Feather On Ba - 通用.jpg
  -> Safe: True | Score: 7/10 | Reason: None

Auditing: Wat 01 Deep Low Pool - 通用.jpg
  -> Safe: True | Score: 6/10 | Reason: None

Auditing: Wat 02 Thawing River - 通用.jpg
  -> Safe: True | Score: 6/10 | Reason: None

Auditing: Wat 03 Seeping Drop - 通用.jpg
  -> Safe: True | Score: 7/10 | Reason: None

Auditing: Wat 04 River Converg - 通用.jpg
  -> Safe: True | Score: 7/10 | Reason: None

Auditing: Wat 05 Melting Lake - 通用.jpg
  -> Safe: True | Score: 7/10 | Reason: None

Auditing: Wat 06 Leaf In Vorte - 通用.jpg
  -> Safe: True | Score: 6/10 | Reason: None

Auditing: Wat 07 Underwater Li - 通用.jpg
  -> Safe: True | Score: 6/10 | Reason: None

Auditing: Wat 08 Waterfall Aby - 通用.jpg
  -> Safe: True | Score: 6/10 | Reason: None

Auditing: Wat 09 Still Mirror - 通用.jpg
  -> Safe: True | Score: 7/10 | Reason: None

Auditing: Wat 10 Rain Hitting - 通用.jpg
  -> Safe: True | Score: 5/10 | Reason: None

Auditing: Wat 11 Catching Drop - 通用.jpg
  -> Safe: True | Score: 6/10 | Reason: None

Auditing: Wat 12 Stirring Murk - 通用.jpg
  -> Safe: True | Score: 6/10 | Reason: None

Auditing: Wat 13 River Finding - 通用.jpg
  -> Safe: True | Score: 7/10 | Reason: None

Auditing: Wat 14 Tidal Sand Ri - 通用.jpg
  -> Safe: True | Score: 7/10 | Reason: None

Auditing: Wat 15 Ocean Rain Pi - 通用.jpg
  -> Safe: True | Score: 6/10 | Reason: None

Auditing: 一个极简、圆润的粗糙木碗 - ch04 - 通用.jpg
  -> Safe: True | Score: 7/10 | Reason: None

Auditing: 一个黑色的深邃空洞 - ch11 - 通用.jpg
  -> Safe: True | Score: 7/10 | Reason: None

Auditing: 一只古朴的黑色建盏 - ch03 - 通用.jpg
  -> Safe: True | Score: 7/10 | Reason: None

Auditing: 一块古老的石碑 - ch04 - 通用.jpg
  -> Safe: True | Score: 7/10 | Reason: None

Auditing: 一块铁胚在铁砧上冷却 - ch03 - 通用.jpg
  -> Safe: True | Score: 5/10 | Reason: None

Auditing: 一尊巨大的古老石像 - ch28 - 通用.jpg
  -> Safe: True | Score: 7/10 | Reason: None

Auditing: 一座如刀锋般的巨大山峰 - ch42 - 通用.jpg
  -> Safe: True | Score: 7/10 | Reason: None

Auditing: 一座石桥在浓雾中戛然而止 - ch03 - 通用.jpg
  -> Safe: True | Score: 7/10 | Reason: None

Auditing: 一张宣纸上 - ch02 - 通用.jpg
  -> Safe: True | Score: 7/10 | Reason: None

Auditing: 一扇完全敞开的柴门 - ch05 - 通用.jpg
  -> Safe: True | Score: 6/10 | Reason: None

Auditing: 一望无际的黑色沙丘 - ch03 - 通用.jpg
  -> Safe: True | Score: 7/10 | Reason: None

Auditing: 一束光切过暗室 - ch56 - 通用.jpg
  -> Safe: True | Score: 7/10 | Reason: None

Auditing: 一束极度刺眼的狭长白光 - ch28 - 通用.jpg
  -> Safe: True | Score: 7/10 | Reason: None

Auditing: 一根极其纤细的白色丝线 - ch01 - 通用.png
  -> Safe: True | Score: 6/10 | Reason: None

Auditing: 一根极细、看似柔弱的丝线 - ch63 - 通用.jpg
  -> Safe: True | Score: 7/10 | Reason: None

Auditing: 一根粗糙的旧麻绳紧紧绷直 - ch03 - 通用.jpg
  -> Safe: True | Score: 7/10 | Reason: None

Auditing: 一滴水将落未落 - ch01 - 通用.png
  -> Safe: True | Score: 7/10 | Reason: None

Auditing: 一滴清澈的水珠落下 - ch04 - 通用.jpg
  -> Safe: True | Score: 7/10 | Reason: None

Auditing: 一片秋叶缓缓飘落 - ch01 - 通用.png
  -> Safe: True | Score: 7/10 | Reason: None

Auditing: 一片纯白雪原中 - ch03 - 通用.jpg
  -> Safe: True | Score: 7/10 | Reason: None

Auditing: 三十辐共一毂 - ch01 - 通用.png
  -> Safe: True | Score: 7/10 | Reason: None

Auditing: 三十辐共一毂 - ch11 - 通用.jpg
  -> Safe: True | Score: 6/10 | Reason: None

Auditing: 上德不德 - ch38 - 通用.jpg
  -> Safe: True | Score: 6/10 | Reason: None

Auditing: 不出户 - ch47 - 通用.jpg
  -> Safe: True | Score: 7/10 | Reason: None

Auditing: 不出户知天下 - ch47 (1) - 通用.jpg
  -> Safe: True | Score: 7/10 | Reason: None

Auditing: 不出户知天下 - ch47 - 通用.jpg
  -> Safe: True | Score: 7/10 | Reason: None

Auditing: 不欲琭琭如玉 - ch39 - 通用.jpg
  -> Safe: True | Score: 7/10 | Reason: None

Auditing: 不行的智慧 - ch47 - 通用.jpg
  -> Safe: True | Score: 7/10 | Reason: None

Auditing: 不言之教 - ch17 - 通用.jpg
  -> Safe: True | Score: 6/10 | Reason: None

Auditing: 丝帘 - ch02 - 通用.jpg
  -> Safe: True | Score: 7/10 | Reason: None

Auditing: 丝线在暗光中交错编织 - ch01 - 通用.png
  -> Safe: True | Score: 7/10 | Reason: None

Auditing: 丝麻 - ch04 - 通用.jpg
  -> Safe: True | Score: 7/10 | Reason: None

Auditing: 为道日损 - ch48 (1) - 通用.jpg
  -> Safe: True | Score: 6/10 | Reason: None

Auditing: 为道日损 - ch48 - 通用.jpg
  -> Safe: True | Score: 4/10 | Reason: None

Auditing: 云雾缭绕的远山层叠 - ch01 - 通用.png
  -> Safe: True | Score: 7/10 | Reason: None

Auditing: 井水 - ch63 - 通用.jpg
  -> Safe: True | Score: 6/10 | Reason: None

Auditing: 亭中学者临水而坐 - ch01 - 通用.png
  -> Safe: True | Score: 7/10 | Reason: None

Auditing: 人群 - ch20 - 通用.jpg
  -> Safe: True | Score: 4/10 | Reason: None

Auditing: 从井口仰望天空的圆框视野 - ch01 - 通用.png
  -> Safe: True | Score: 7/10 | Reason: None

Auditing: 从幽暗狭窄的长廊望向门外 - ch04 - 通用.jpg
  -> Safe: True | Score: 7/10 | Reason: None

Auditing: 代大匠斫者伤手 - ch74 - 通用.jpg
  -> Safe: False | Score: 4/10 | Reason: Contains blood on the handle of the axe.
  [REJECTED] Moving 代大匠斫者伤手 - ch74 - 通用.jpg to rejected folder.

Auditing: 以正治国 - ch57 - 通用.jpg
  -> Safe: True | Score: 6/10 | Reason: None

Auditing: 仰视四面极高极厚的红墙 - 通用 - 通用.jpg
  -> Safe: True | Score: 7/10 | Reason: None

Auditing: 仰角 - ch01 - 通用.png
  -> Safe: True | Score: 7/10 | Reason: None

Auditing: 众人熙熙 - ch01 - 通用.png
  -> Safe: True | Score: 6/10 | Reason: None

Auditing: 众人熙熙 - ch20 - 通用.jpg
  -> Safe: True | Score: 5/10 | Reason: None

Auditing: 众生行 - ch49 - 通用.jpg
  -> Safe: True | Score: 7/10 | Reason: None

Auditing: 低处流淌的溪水绕过岩石 - ch01 - 通用.png
  -> Safe: True | Score: 7/10 | Reason: None

Auditing: 傲雪古松 - 通用 - 通用.jpg
  -> Safe: True | Score: 7/10 | Reason: None

Auditing: 光雾 - ch01 - 通用.png
  -> Safe: True | Score: 7/10 | Reason: None

Auditing: 兕无所投其角 - ch50 - 通用.jpg
  -> Safe: True | Score: 4/10 | Reason: None

Auditing: 冕旒 - ch13 - 通用.jpg
  -> Safe: True | Score: 7/10 | Reason: None

Auditing: 冰瀑 - 通用 - 通用.jpg
  -> Safe: True | Score: 7/10 | Reason: None

Auditing: 出生入死 - ch50 - 通用.jpg
  -> Safe: False | Score: 4/10 | Reason: Overly gloomy and eerie atmosphere.
  [REJECTED] Moving 出生入死 - ch50 - 通用.jpg to rejected folder.

Auditing: 刍狗 - ch05 - 通用.jpg
  -> Safe: True | Score: 7/10 | Reason: None

Auditing: 刚柔转换 - 通用 - 通用.jpg
  -> Safe: True | Score: 7/10 | Reason: None

Auditing: 利刃 - ch02 - 通用.jpg
  -> Safe: True | Score: 6/10 | Reason: None

Auditing: 刺客 - ch36 - 通用.jpg
  -> Safe: True | Score: 4/10 | Reason: None

Auditing: 刺绣 - ch44 - 通用.jpg
  -> Safe: True | Score: 7/10 | Reason: None

Auditing: 剑柄 - ch69 - 通用.jpg
  -> Safe: True | Score: 6/10 | Reason: None

Auditing: 勇于不敢则活 - ch73 - 通用.jpg
  -> Safe: True | Score: 6/10 | Reason: None

Auditing: 十八盘 - 通用 - 通用.jpg
  -> Safe: True | Score: 7/10 | Reason: None

Auditing: 千里之行 - ch01 - 通用.png
  -> Safe: True | Score: 7/10 | Reason: None

Auditing: 千里之行 - ch64 - 通用.jpg
  -> Safe: True | Score: 7/10 | Reason: None

Auditing: 午夜石弄 - 通用 - 通用.jpg
  -> Safe: True | Score: 7/10 | Reason: None

Auditing: 华丽官服被脱下搭在椅上 - ch09 - 通用.jpg
  -> Safe: True | Score: 6/10 | Reason: None

Auditing: 却走马以粪 - ch46 (1) - 通用.jpg
  -> Safe: True | Score: 6/10 | Reason: None

Auditing: 却走马以粪 - ch46 - 通用.jpg
  -> Safe: True | Score: 6/10 | Reason: None

Auditing: 厚重的黑色冰层剧烈爆裂 - ch15 - 通用.jpg
  -> Safe: True | Score: 6/10 | Reason: None

Auditing: 原木 - ch04 - 通用.jpg
  -> Safe: True | Score: 6/10 | Reason: None

Auditing: 去伪 - ch48 - 通用.jpg
  -> Safe: True | Score: 7/10 | Reason: None

Auditing: 反者道之动 - ch01 (1) - 通用.png
  -> Safe: True | Score: 7/10 | Reason: None

Auditing: 反者道之动 - ch01 (2) - 通用.png
  -> Safe: True | Score: 7/10 | Reason: None

Auditing: 反者道之动 - ch01 (3) - 通用.png
  -> Safe: True | Score: 7/10 | Reason: None

Auditing: 反者道之动 - ch01 (4) - 通用.png
  -> Safe: True | Score: 7/10 | Reason: None

Auditing: 反者道之动 - ch01 (5) - 通用.png
  -> Safe: True | Score: 7/10 | Reason: None

Auditing: 反者道之动 - ch01 - 通用.png
  -> Safe: True | Score: 6/10 | Reason: None

Auditing: 反者道之动 - ch40 - 通用.jpg
  -> Safe: True | Score: 6/10 | Reason: None

Auditing: 古代青铜漏刻（水钟） - ch03 - 通用.jpg
  -> Safe: True | Score: 7/10 | Reason: None

Auditing: 古寺屋顶上空的星轨 - ch73 - 通用.jpg
  -> Safe: True | Score: 7/10 | Reason: None

Auditing: 古式罗盘置于暗木桌上 - ch01 - 通用.png
  -> Safe: True | Score: 7/10 | Reason: None

Auditing: 古灯在暗室中点亮 - ch01 - 通用.png
  -> Safe: True | Score: 7/10 | Reason: None

Auditing: 古琴 - ch04 - 通用.jpg
  -> Safe: True | Score: 7/10 | Reason: None

Auditing: 古老的中式榫卯木结构特写 - ch27 - 通用.jpg
  -> Safe: True | Score: 7/10 | Reason: None

Auditing: 古钟 - 通用 - 通用.jpg
  -> Safe: True | Score: 7/10 | Reason: None

Auditing: 古风水面与光影测试图 - ch01 - 通用.png
  -> Safe: True | Score: 7/10 | Reason: None

Auditing: 同源 - ch49 - 通用.jpg
  -> Safe: True | Score: 6/10 | Reason: None

Auditing: 和大怨 - ch79 - 通用.jpg
  -> Safe: True | Score: 6/10 | Reason: None

Auditing: 哀兵必胜 - ch69 - 通用.jpg
  -> Safe: False | Score: 4/10 | Reason: Contains blood stains and a gloomy, war-related atmosphere.
  [REJECTED] Moving 哀兵必胜 - ch69 - 通用.jpg to rejected folder.

Auditing: 喂马的草料 - 通用 - 通用.jpg
  -> Safe: True | Score: 6/10 | Reason: None

Auditing: 善建者不拔 - ch54 - 通用.jpg
  -> Safe: True | Score: 7/10 | Reason: None

Auditing: 善用人者为之下 - ch68 - 通用.jpg
  -> Safe: True | Score: 5/10 | Reason: None

Auditing: 围棋盘 - ch04 - 通用.jpg
  -> Safe: True | Score: 7/10 | Reason: None

Auditing: 圆形的月亮门 - ch01 - 通用.png
  -> Safe: True | Score: 7/10 | Reason: None

Auditing: 土灶 - 通用 - 通用.jpg
  -> Safe: True | Score: 6/10 | Reason: None

Auditing: 坚强者死之徒 - ch01 - 通用.png
  -> Safe: True | Score: 4/10 | Reason: None

Auditing: 塞其兑 - ch52 - 通用.jpg
  -> Safe: True | Score: 6/10 | Reason: None

Auditing: 墨迹 - ch05 - 通用.jpg
  -> Safe: True | Score: 7/10 | Reason: None

Auditing: 墨锭在砚台上缓缓研磨 - ch01 - 通用.png
  -> Safe: True | Score: 7/10 | Reason: None

Auditing: 夜色绝壁上的茅草屋 - ch80 - 通用.jpg
  -> Safe: True | Score: 7/10 | Reason: None

Auditing: 大伪 - ch18 - 通用.jpg
  -> Safe: True | Score: 6/10 | Reason: None

Auditing: 大国者下流 - ch01 - 通用.png
  -> Safe: True | Score: 7/10 | Reason: None

Auditing: 大国者下流 - ch61 - 通用.jpg
  -> Safe: True | Score: 7/10 | Reason: None

Auditing: 大巧若拙 - ch45 - 通用.jpg
  -> Safe: True | Score: 7/10 | Reason: None

Auditing: 大殿深处 - ch58 - 通用.jpg
  -> Safe: True | Score: 7/10 | Reason: None

Auditing: 大漠绝境中 - ch21 - 通用.jpg
  -> Safe: True | Score: 6/10 | Reason: None

Auditing: 大火过后的宫殿废墟 - ch18 - 通用.jpg
  -> Safe: True | Score: 6/10 | Reason: None

Auditing: 大直若屈 - ch45 - 通用.jpg
  -> Safe: True | Score: 6/10 | Reason: None

Auditing: 大象无形 - 通用 - 通用.jpg
  -> Safe: True | Score: 7/10 | Reason: None

Auditing: 大道甚夷 - ch53 - 通用.jpg
  -> Safe: True | Score: 6/10 | Reason: None

Auditing: 大道的凝聚 - 通用 - 通用.jpg
  -> Safe: True | Score: 7/10 | Reason: None

Auditing: 大雨中 - ch05 - 通用.jpg
  -> Safe: True | Score: 6/10 | Reason: None

Auditing: 大雨中 - ch31 - 通用.jpg
  -> Safe: True | Score: 4/10 | Reason: None

Auditing: 大雪 - ch41 - 通用.jpg
  -> Safe: True | Score: 7/10 | Reason: None

Auditing: 大雾弥漫的湖面 - ch41 - 通用.jpg
  -> Safe: True | Score: 7/10 | Reason: None

Auditing: 天下万物生于有 - ch40 - 通用.jpg
  [ERROR] Failed to audit 天下万物生于有 - ch40 - 通用.jpg: The read operation timed out

Auditing: 天下之至柔 - ch01 - 通用.png
  [ERROR] Failed to audit 天下之至柔 - ch01 - 通用.png: [SSL: UNEXPECTED_EOF_WHILE_READING] EOF occurred in violation of protocol (_ssl.c:1028)

Auditing: 天下莫柔弱于水 - ch78 - 通用.jpg
  [ERROR] Failed to audit 天下莫柔弱于水 - ch78 - 通用.jpg: [SSL: UNEXPECTED_EOF_WHILE_READING] EOF occurred in violation of protocol (_ssl.c:1028)

Auditing: 天之道 - ch77 - 通用.jpg
  [ERROR] Failed to audit 天之道 - ch77 - 通用.jpg: [SSL: UNEXPECTED_EOF_WHILE_READING] EOF occurred in violation of protocol (_ssl.c:1028)

Auditing: 天地不仁 - ch01 - 通用.png
  [ERROR] Failed to audit 天地不仁 - ch01 - 通用.png: [SSL: UNEXPECTED_EOF_WHILE_READING] EOF occurred in violation of protocol (_ssl.c:1028)

Auditing: 天地如风箱 - ch05 - 通用.jpg
  [ERROR] Failed to audit 天地如风箱 - ch05 - 通用.jpg: [SSL: UNEXPECTED_EOF_WHILE_READING] EOF occurred in violation of protocol (_ssl.c:1028)

Auditing: 天坑 - ch04 - 通用.jpg
  [ERROR] Failed to audit 天坑 - ch04 - 通用.jpg: The read operation timed out

Auditing: 天威不可测 - ch77 - 通用.jpg
  [ERROR] Failed to audit 天威不可测 - ch77 - 通用.jpg: 503 sendmsg: Broken pipe (32)

Auditing: 天然的蚕茧 - ch40 - 通用.jpg
  -> Safe: True | Score: 7/10 | Reason: None

Auditing: 太上 - ch17 - 通用.jpg
  [ERROR] Failed to audit 太上 - ch17 - 通用.jpg: [SSL: UNEXPECTED_EOF_WHILE_READING] EOF occurred in violation of protocol (_ssl.c:1028)

Auditing: 夫物芸芸 - ch01 - 通用.png
  [ERROR] Failed to audit 夫物芸芸 - ch01 - 通用.png: [SSL: UNEXPECTED_EOF_WHILE_READING] EOF occurred in violation of protocol (_ssl.c:1028)

Auditing: 失道而后德 - ch01 - 通用.png
  [ERROR] Failed to audit 失道而后德 - ch01 - 通用.png: [SSL: UNEXPECTED_EOF_WHILE_READING] EOF occurred in violation of protocol (_ssl.c:1028)

Auditing: 契约 - ch79 - 通用.jpg
  [ERROR] Failed to audit 契约 - ch79 - 通用.jpg: [SSL: UNEXPECTED_EOF_WHILE_READING] EOF occurred in violation of protocol (_ssl.c:1028)

Auditing: 婴儿 - ch55 (1) - 通用.jpg
  [ERROR] Failed to audit 婴儿 - ch55 (1) - 通用.jpg: [SSL: UNEXPECTED_EOF_WHILE_READING] EOF occurred in violation of protocol (_ssl.c:1028)

Auditing: 婴儿 - ch55 - 通用.jpg
  [ERROR] Failed to audit 婴儿 - ch55 - 通用.jpg: [SSL: UNEXPECTED_EOF_WHILE_READING] EOF occurred in violation of protocol (_ssl.c:1028)

Auditing: 嫩芽 - ch01 - 通用.png
  [ERROR] Failed to audit 嫩芽 - ch01 - 通用.png: [SSL: UNEXPECTED_EOF_WHILE_READING] EOF occurred in violation of protocol (_ssl.c:1028)

Auditing: 孤灯下 - ch48 - 通用.jpg
  -> Safe: True | Score: 7/10 | Reason: None

Auditing: 孤独的脊梁 - 通用 - 通用.jpg
  -> Safe: True | Score: 6/10 | Reason: None

Auditing: 学者独坐山巅 - ch01 - 通用.png
  [ERROR] Failed to audit 学者独坐山巅 - ch01 - 通用.png: [SSL: UNEXPECTED_EOF_WHILE_READING] EOF occurred in violation of protocol (_ssl.c:1028)

Auditing: 守其黑 - 通用 - 通用.jpg
  [ERROR] Failed to audit 守其黑 - 通用 - 通用.jpg: [SSL: UNEXPECTED_EOF_WHILE_READING] EOF occurred in violation of protocol (_ssl.c:1028)

Auditing: 宏伟幽暗的大殿中 - ch02 - 通用.jpg
  [ERROR] Failed to audit 宏伟幽暗的大殿中 - ch02 - 通用.jpg: [SSL: UNEXPECTED_EOF_WHILE_READING] EOF occurred in violation of protocol (_ssl.c:1028)

Auditing: 宣纸 - ch01 - 通用.png
  [ERROR] Failed to audit 宣纸 - ch01 - 通用.png: 503 recvmsg:Connection reset by peer

Auditing: 宣纸 - ch28 - 通用.jpg
  -> Safe: True | Score: 7/10 | Reason: None

Auditing: 宫墙 - ch02 - 通用.jpg
  -> Safe: False | Score: 4/10 | Reason: Gloomy atmosphere depicting war ruins.
  [REJECTED] Moving 宫墙 - ch02 - 通用.jpg to rejected folder.

Auditing: 宫檐 - ch02 - 通用.jpg
  -> Safe: True | Score: 7/10 | Reason: None

Auditing: 宫门 - 通用 - 通用.jpg
  -> Safe: True | Score: 7/10 | Reason: None

Auditing: 封禅祭坛 - 通用 - 通用.jpg
  -> Safe: True | Score: 7/10 | Reason: None

Auditing: 将欲翕之 - ch01 - 通用.png
  -> Safe: True | Score: 7/10 | Reason: None

Auditing: 尊道贵德 - ch51 - 通用.jpg
  -> Safe: True | Score: 6/10 | Reason: None

Auditing: 尖石 - ch40 - 通用.jpg
  -> Safe: True | Score: 7/10 | Reason: None

Auditing: 展开的卷轴上写着「道可道 - ch01 - 通用.png
  -> Safe: True | Score: 7/10 | Reason: None

Auditing: 山村晨雾 - ch01 - 通用.png
  -> Safe: True | Score: 7/10 | Reason: None

Auditing: 岩壁裂缝中渗出的细流 - ch01 - 通用.png
  -> Safe: True | Score: 7/10 | Reason: None

Auditing: 巨大的青铜香炉中火种熄灭 - ch02 - 通用.jpg
  -> Safe: True | Score: 7/10 | Reason: None

Auditing: 巨帆破浪 - 通用 - 通用.jpg
  -> Safe: True | Score: 6/10 | Reason: None

Auditing: 巨月 - ch05 - 通用.jpg
  -> Safe: False | Score: 5/10 | Reason: Overly gloomy and desolate atmosphere.
  [REJECTED] Moving 巨月 - ch05 - 通用.jpg to rejected folder.

Auditing: 巨网 - ch73 - 通用.jpg
  -> Safe: True | Score: 6/10 | Reason: None

Auditing: 师长与弟子在院中对坐讲道 - ch01 - 通用.png
  -> Safe: True | Score: 7/10 | Reason: None

Auditing: 干裂的土地纹理 - ch01 - 通用.png
  -> Safe: True | Score: 6/10 | Reason: None

Auditing: 幽暗大殿中静止的编钟 - ch01 - 通用.png
  -> Safe: True | Score: 7/10 | Reason: None

Auditing: 幽暗房间中一把空椅 - ch01 - 通用.png
  -> Safe: True | Score: 6/10 | Reason: None

Auditing: 幽暗木塔中巨大的青铜钟 - ch03 - 通用.jpg
  -> Safe: True | Score: 6/10 | Reason: None

Auditing: 幽暗的古老藏书阁中 - 通用 - 通用.jpg
  -> Safe: True | Score: 7/10 | Reason: None

Auditing: 幽暗石洞里 - ch04 - 通用.jpg
  -> Safe: True | Score: 7/10 | Reason: None

Auditing: 幽暗背景中一滴金色水珠 - ch01 - 通用.png
  -> Safe: True | Score: 7/10 | Reason: None

Auditing: 延时感 - ch01 - 通用.png
  -> Safe: True | Score: 7/10 | Reason: None

Auditing: 弱者道之用 - ch40 - 通用.jpg
  -> Safe: True | Score: 7/10 | Reason: None

Auditing: 归根 - ch16 - 通用.jpg
  -> Safe: True | Score: 6/10 | Reason: None

Auditing: 微距 - ch25 - 通用.jpg
  -> Safe: True | Score: 7/10 | Reason: None

Auditing: 微距下 - ch40 - 通用.jpg
  -> Safe: True | Score: 6/10 | Reason: None

Auditing: 微距特写 - ch55 (1) - 通用.jpg
  -> Safe: True | Score: 6/10 | Reason: None

Auditing: 微距特写 - ch55 - 通用.jpg
  -> Safe: True | Score: 5/10 | Reason: None

Auditing: 忠臣 - ch18 - 通用.jpg
  -> Safe: True | Score: 7/10 | Reason: None

Auditing: 悬崖 - ch02 - 通用.jpg
  -> Safe: True | Score: 7/10 | Reason: None

Auditing: 悬崖边盘腿打坐的修道者 - ch56 - 通用.jpg
  -> Safe: True | Score: 7/10 | Reason: None

Auditing: 慈 - ch67 - 通用.jpg
  -> Safe: True | Score: 7/10 | Reason: None

Auditing: 战后的死寂 - 通用 - 通用.jpg
  [ERROR] Failed to audit 战后的死寂 - 通用 - 通用.jpg: 503 sendmsg: Broken pipe (32)

Auditing: 手 - ch14 - 通用.jpg
  [ERROR] Failed to audit 手 - ch14 - 通用.jpg: The read operation timed out

Auditing: 手 - 通用 - 通用.jpg
  -> Safe: True | Score: 7/10 | Reason: None

Auditing: 打磨 - ch05 - 通用.jpg
  [ERROR] Failed to audit 打磨 - ch05 - 通用.jpg: The read operation timed out

Auditing: 执古之道 - ch14 - 通用.jpg
  [ERROR] Failed to audit 执古之道 - ch14 - 通用.jpg: The read operation timed out

Auditing: 执大象 - ch35 - 通用.jpg
  [ERROR] Failed to audit 执大象 - ch35 - 通用.jpg: 503 sendmsg: Broken pipe (32)

Auditing: 护城河 - ch02 - 通用.jpg
  -> Safe: True | Score: 7/10 | Reason: None

Auditing: 报怨以德 - ch63 - 通用.jpg
  -> Safe: True | Score: 6/10 | Reason: None

Auditing: 抱朴 - ch19 - 通用.jpg
  -> Safe: True | Score: 6/10 | Reason: None

Auditing: 挑夫 - ch64 - 通用.jpg
  -> Safe: True | Score: 6/10 | Reason: None

Auditing: 挫其锐 - ch56 - 通用.jpg
  [ERROR] Failed to audit 挫其锐 - ch56 - 通用.jpg: 503 sendmsg: Broken pipe (32)

Auditing: 损之又损 - ch48 (1) - 通用.jpg
  -> Safe: True | Score: 7/10 | Reason: None

Auditing: 损之又损 - ch48 - 通用.jpg
  -> Safe: True | Score: 6/10 | Reason: None

Auditing: 摄生 - ch50 - 通用.jpg
  -> Safe: True | Score: 6/10 | Reason: None

Auditing: 摩崖石刻 - 通用 - 通用.jpg
  -> Safe: True | Score: 7/10 | Reason: None

Auditing: 断桥烟雨 - 通用 - 通用.jpg
  -> Safe: True | Score: 7/10 | Reason: None

Auditing: 方而不割 - ch58 - 通用.jpg
  -> Safe: True | Score: 6/10 | Reason: None

Auditing: 旅人的粗食 - 通用 - 通用.jpg
  -> Safe: True | Score: 6/10 | Reason: None

Auditing: 无为而无不为 - ch37 - 通用.jpg
  -> Safe: True | Score: 5/10 | Reason: None

Auditing: 无名之朴 - ch37 - 通用.jpg
  -> Safe: True | Score: 7/10 | Reason: None

Auditing: 无形的引导 - 通用 - 通用.jpg
  -> Safe: True | Score: 7/10 | Reason: None

Auditing: 无形的风被具象化 - ch01 - 通用.png
  -> Safe: True | Score: 7/10 | Reason: None

Auditing: 时间的呼吸 - ch06 - 通用.jpg
  -> Safe: True | Score: 7/10 | Reason: None

Auditing: 暗室中 - ch06 - 通用.jpg
  -> Safe: True | Score: 7/10 | Reason: None

Auditing: 暗室中倒悬的锋利古铁剑 - ch36 - 通用.jpg
  -> Safe: True | Score: 6/10 | Reason: None

Auditing: 暗流中的竹编鱼篓 - ch29 - 通用.jpg
  -> Safe: True | Score: 6/10 | Reason: None

Auditing: 暗色木茶托上的一圈水渍 - ch03 - 通用.jpg
  -> Safe: True | Score: 6/10 | Reason: None

Auditing: 暴雨中 - ch53 - 通用.jpg
  -> Safe: True | Score: 6/10 | Reason: None

Auditing: 暴雨狂风肆虐的黑夜 - ch45 - 通用.jpg
  -> Safe: True | Score: 7/10 | Reason: None

Auditing: 暴雪 - ch41 - 通用.jpg
  -> Safe: True | Score: 7/10 | Reason: None

Auditing: 暴雪中 - ch41 - 通用.jpg
  -> Safe: True | Score: 7/10 | Reason: None

Auditing: 月下石塔 - 通用 - 通用.jpg
  -> Safe: True | Score: 7/10 | Reason: None

Auditing: 月光下的竹林 - ch01 - 通用.png
  -> Safe: True | Score: 7/10 | Reason: None

Auditing: 有物混成 - ch01 - 通用.png
  -> Safe: True | Score: 6/10 | Reason: None

Auditing: 有生于无 - ch40 - 通用.jpg
  -> Safe: True | Score: 7/10 | Reason: None

Auditing: 木强则折 - ch76 - 通用.jpg
  -> Safe: True | Score: 6/10 | Reason: None

Auditing: 木箱 - ch03 - 通用.jpg
  -> Safe: True | Score: 6/10 | Reason: None

Auditing: 木车 - 通用 - 通用.jpg
  -> Safe: True | Score: 6/10 | Reason: None

Auditing: 木雕 - ch40 - 通用.jpg
  -> Safe: True | Score: 7/10 | Reason: None

Auditing: 未雕琢的原木块 - ch01 - 通用.png
  -> Safe: True | Score: 7/10 | Reason: None

Auditing: 束起的竹简在光束中 - ch01 - 通用.png
  -> Safe: True | Score: 7/10 | Reason: None

Auditing: 松子 - ch64 - 通用.jpg
  -> Safe: True | Score: 6/10 | Reason: None

Auditing: 极其宽广的黑色大河 - ch25 - 通用.jpg
  -> Safe: True | Score: 7/10 | Reason: None

Auditing: 极其寂静的古代军帐内 - ch73 - 通用.jpg
  -> Safe: True | Score: 6/10 | Reason: None

Auditing: 极其浓重湿润的晨雾中 - ch21 - 通用.jpg
  -> Safe: True | Score: 7/10 | Reason: None

Auditing: 极其清澈的流水中 - ch04 - 通用.jpg
  -> Safe: True | Score: 7/10 | Reason: None

Auditing: 极其黑暗的虚空中 - ch14 - 通用.jpg
  -> Safe: True | Score: 7/10 | Reason: None

Auditing: 极其黑的焦土和灰烬中 - ch16 - 通用.jpg
  -> Safe: True | Score: 7/10 | Reason: None

Auditing: 枯树 - ch33 - 通用.jpg
  -> Safe: True | Score: 7/10 | Reason: None

Auditing: 枯草尖端的一滴晶莹露水 - 通用 - 通用.jpg
  -> Safe: True | Score: 7/10 | Reason: None

Auditing: 枯藤老树 - 通用 - 通用.jpg
  -> Safe: True | Score: 7/10 | Reason: None

Auditing: 柔弱胜刚强 - ch36 - 通用.jpg
  -> Safe: True | Score: 6/10 | Reason: None

Auditing: 柳枝 - ch22 - 通用.jpg
  -> Safe: True | Score: 7/10 | Reason: None

Auditing: 栈道风雪 - 通用 - 通用.jpg
  -> Safe: True | Score: 6/10 | Reason: None

Auditing: 树根 - ch05 - 通用.jpg
  -> Safe: True | Score: 7/10 | Reason: None

Auditing: 树根 - ch59 - 通用.jpg
  -> Safe: True | Score: 7/10 | Reason: None

Auditing: 桥 - ch01 - 通用.png
  -> Safe: True | Score: 7/10 | Reason: None

Auditing: 森林 - ch36 - 通用.jpg
  -> Safe: True | Score: 7/10 | Reason: None

Auditing: 欲歙先张 - ch36 - 通用.jpg
  -> Safe: True | Score: 6/10 | Reason: None

Auditing: 歇马的木桩 - 通用 - 通用.jpg
  -> Safe: True | Score: 6/10 | Reason: None

Auditing: 死结 - ch56 - 通用.jpg
  -> Safe: True | Score: 7/10 | Reason: None

Auditing: 母马 - ch61 - 通用.jpg
  -> Safe: False | Score: 4/10 | Reason: Depicts a prone horse in a dark, desolate forest, evoking death and an overly gloomy atmosphere.
  [REJECTED] Moving 母马 - ch61 - 通用.jpg to rejected folder.

Auditing: 母鹿 - ch61 - 通用.jpg
  -> Safe: True | Score: 7/10 | Reason: None

Auditing: 毛笔悬于纸上方 - ch01 - 通用.png
  -> Safe: True | Score: 7/10 | Reason: None

Auditing: 民之饥 - ch75 - 通用.jpg
  -> Safe: True | Score: 4/10 | Reason: None

Auditing: 水井 - ch06 - 通用.jpg
  -> Safe: True | Score: 6/10 | Reason: None

Auditing: 水流在狭窄石缝中自然转弯 - ch01 - 通用.png
  -> Safe: True | Score: 7/10 | Reason: None

Auditing: 水滴即将滴落巨石的瞬间 - ch01 - 通用.png
  -> Safe: True | Score: 7/10 | Reason: None

Auditing: 江心孤石 - 通用 - 通用.jpg
  -> Safe: True | Score: 7/10 | Reason: None

Auditing: 江海所以能为百谷王者 - ch66 - 通用.jpg
  -> Safe: True | Score: 7/10 | Reason: None

Auditing: 沉重之锚 - 通用 - 通用.jpg
  -> Safe: True | Score: 7/10 | Reason: None

Auditing: 沌沌兮 - ch20 - 通用.jpg
  -> Safe: True | Score: 5/10 | Reason: None

Auditing: 沙漏 - ch40 - 通用.jpg
  -> Safe: True | Score: 7/10 | Reason: None

Auditing: 沙漠中孤独的城门 - ch01 - 通用.png
  -> Safe: True | Score: 7/10 | Reason: None

Auditing: 油灯 - ch58 - 通用.jpg
  -> Safe: True | Score: 7/10 | Reason: None

Auditing: 油灯微光下 - ch65 - 通用.jpg
  -> Safe: True | Score: 6/10 | Reason: None

Auditing: 治人事天莫若啬 - ch59 - 通用.jpg
  -> Safe: True | Score: 7/10 | Reason: None

Auditing: 沾满鲜血的残破铠甲上 - ch31 - 通用.jpg
  -> Safe: False | Score: 6/10 | Reason: The armor plating features dark red stains resembling blood, violating the policy against violence or blood.
  [REJECTED] Moving 沾满鲜血的残破铠甲上 - ch31 - 通用.jpg to rejected folder.

Auditing: 泥水中含苞待放的莲蕾 - ch01 - 通用.png
  -> Safe: True | Score: 7/10 | Reason: None

Auditing: 泥沼 - ch40 - 通用.jpg
  -> Safe: True | Score: 6/10 | Reason: None

Auditing: 泥泞中 - ch69 - 通用.jpg
  -> Safe: True | Score: 6/10 | Reason: None

Auditing: 浓白晨雾笼罩的孤绝小村 - ch80 ( - 通用.jpg
  -> Safe: True | Score: 6/10 | Reason: None

Auditing: 浓白晨雾笼罩的孤绝小村 - ch80 - 通用.jpg
  -> Safe: True | Score: 7/10 | Reason: None

Auditing: 海平线 - ch05 - 通用.jpg
  -> Safe: True | Score: 7/10 | Reason: None

Auditing: 涣兮若冰之将释 - ch15 - 通用.jpg
  -> Safe: True | Score: 6/10 | Reason: None

Auditing: 淡乎其无味 - ch35 - 通用.jpg
  -> Safe: True | Score: 7/10 | Reason: None

Auditing: 深不可识 - ch01 - 通用.jpg
  -> Safe: True | Score: 7/10 | Reason: None

Auditing: 深宅天井 - 通用 - 通用.jpg
  -> Safe: True | Score: 7/10 | Reason: None

Auditing: 清晨幽谷中 - ch42 - 通用.jpg
  -> Safe: True | Score: 7/10 | Reason: None

Auditing: 溪边饮水 - 通用 - 通用.jpg
  -> Safe: True | Score: 7/10 | Reason: None

Auditing: 漆黑深水中 - ch36 (1) - 通用.jpg
  -> Safe: True | Score: 6/10 | Reason: None

Auditing: 漆黑深水中 - ch36 - 通用.jpg
  -> Safe: True | Score: 6/10 | Reason: None

Auditing: 漆黑的地下溶洞深处 - ch41 - 通用.jpg
  -> Safe: False | Score: 6/10 | Reason: Contains a skull object on the right side.
  [REJECTED] Moving 漆黑的地下溶洞深处 - ch41 - 通用.jpg to rejected folder.

Auditing: 漆黑的竹林深处 - ch14 - 通用.jpg
  -> Safe: True | Score: 7/10 | Reason: None

Auditing: 漆黑雷雨云背景下 - 通用 - 通用.jpg
  [ERROR] Failed to audit 漆黑雷雨云背景下 - 通用 - 通用.jpg: The read operation timed out

Auditing: 漏窗虚实 - 通用 - 通用.jpg
  [ERROR] Failed to audit 漏窗虚实 - 通用 - 通用.jpg: 503 sendmsg: Broken pipe (32)

Auditing: 漏雨的大殿内 - 通用 - 通用.jpg
  -> Safe: True | Score: 7/10 | Reason: None

Auditing: 漫天狂暴的白雪中 - ch45 - 通用.jpg
  -> Safe: True | Score: 7/10 | Reason: None

Auditing: 漫漫黄泉路 - 通用 - 通用.jpg
  -> Safe: True | Score: 7/10 | Reason: None

Auditing: 瀑布从高崖倾泻而下 - ch01 - 通用.png
  -> Safe: True | Score: 7/10 | Reason: None

Auditing: 炭火 - ch60 - 通用.jpg
  -> Safe: True | Score: 7/10 | Reason: None

Auditing: 烈日下 - ch05 - 通用.jpg
  -> Safe: True | Score: 6/10 | Reason: None

Auditing: 烟雨水墨 - 通用 - 通用.jpg
  -> Safe: True | Score: 7/10 | Reason: None

Auditing: 焦土 - 通用 - 通用.jpg
  -> Safe: True | Score: 5/10 | Reason: None

Auditing: 焦黑的战车 - 通用 - 通用.jpg
  -> Safe: False | Score: 4/10 | Reason: Contains visible skeletons and human bones in the foreground.
  [REJECTED] Moving 焦黑的战车 - 通用 - 通用.jpg to rejected folder.

Auditing: 特写黑暗竹林中的老虎眼睛 - ch50 - 通用.jpg
  -> Safe: True | Score: 7/10 | Reason: None

Auditing: 狂风骤雨后一片狼藉的庭院 - ch23 - 通用.jpg
  -> Safe: True | Score: 5/10 | Reason: None

Auditing: 玄之又玄 - ch01 - 通用.jpg
  -> Safe: True | Score: 6/10 | Reason: None

Auditing: 玄之又玄 - ch01 - 通用.png
  -> Safe: True | Score: 7/10 | Reason: None

Auditing: 玉碎 - ch42 - 通用.jpg
  -> Safe: True | Score: 7/10 | Reason: None

Auditing: 瓷碗 - ch05 - 通用.jpg
  -> Safe: True | Score: 7/10 | Reason: None

Auditing: 生之徒 - ch50 - 通用.jpg
  -> Safe: True | Score: 5/10 | Reason: None

Auditing: 生锈 - ch04 - 通用.jpg
  -> Safe: True | Score: 6/10 | Reason: None

Auditing: 白烟 - ch10 - 通用.jpg
  -> Safe: True | Score: 7/10 | Reason: None

Auditing: 白玉 - ch44 - 通用.jpg
  -> Safe: True | Score: 7/10 | Reason: None

Auditing: 百姓心 - ch49 - 通用.jpg
  -> Safe: True | Score: 7/10 | Reason: None

Auditing: 盘根错节的树根与土壤 - ch01 - 通用.png
  -> Safe: True | Score: 7/10 | Reason: None

Auditing: 知其白 - ch01 - 通用.png
  -> Safe: True | Score: 7/10 | Reason: None

Auditing: 知白守黑 - ch28 - 通用.jpg
  -> Safe: True | Score: 6/10 | Reason: None

Auditing: 知足 - ch46 (1) - 通用.jpg
  -> Safe: True | Score: 7/10 | Reason: None

Auditing: 知足 - ch46 (2) - 通用.jpg
  -> Safe: True | Score: 7/10 | Reason: None

Auditing: 知足 - ch46 - 通用.jpg
  -> Safe: True | Score: 6/10 | Reason: None

Auditing: 知足不辱 - ch01 - 通用.png
  -> Safe: True | Score: 7/10 | Reason: None

Auditing: 知足之足 - ch46 - 通用.jpg
  -> Safe: True | Score: 6/10 | Reason: None

Auditing: 知足者富 - ch46 - 通用.jpg
  -> Safe: True | Score: 7/10 | Reason: None

Auditing: 石上初雪 - 通用 - 通用.jpg
  -> Safe: True | Score: 7/10 | Reason: None

Auditing: 石像端坐 - ch01 - 通用.png
  -> Safe: True | Score: 7/10 | Reason: None

Auditing: 石头裂开 - ch04 - 通用.jpg
  -> Safe: True | Score: 7/10 | Reason: None

Auditing: 石拱桥的圆融 - 通用 - 通用.jpg
  -> Safe: True | Score: 7/10 | Reason: None

Auditing: 石炉中即将熄灭的余烬 - ch03 - 通用.jpg
  -> Safe: True | Score: 6/10 | Reason: None

Auditing: 石狮 - ch02 - 通用.jpg
  -> Safe: True | Score: 6/10 | Reason: None

Auditing: 石琴 - ch14 - 通用.jpg
  -> Safe: True | Score: 7/10 | Reason: None

Auditing: 石碑 - 通用 - 通用.jpg
  -> Safe: True | Score: 7/10 | Reason: None

Auditing: 石磨 - 通用 - 通用.jpg
  -> Safe: True | Score: 7/10 | Reason: None

Auditing: 石门 - ch10 - 通用.jpg
  -> Safe: True | Score: 7/10 | Reason: None

Auditing: 砚台 - ch45 - 通用.jpg
  -> Safe: True | Score: 7/10 | Reason: None

Auditing: 礼者 - ch38 - 通用.jpg
  -> Safe: True | Score: 6/10 | Reason: None

Auditing: 祭坛上的刍狗 - ch01 - 通用.png
  -> Safe: True | Score: 7/10 | Reason: None

Auditing: 秤 - ch18 - 通用.jpg
  -> Safe: True | Score: 6/10 | Reason: None

Auditing: 空旷庭院 - ch01 - 通用.png
  -> Safe: True | Score: 7/10 | Reason: None

Auditing: 空白 - ch04 - 通用.jpg
  -> Safe: True | Score: 7/10 | Reason: None

Auditing: 空白粗糙的白墙上 - ch02 - 通用.jpg
  -> Safe: True | Score: 7/10 | Reason: None

Auditing: 空碗 - ch03 - 通用.jpg
  -> Safe: True | Score: 6/10 | Reason: None

Auditing: 窥天道 - ch47 - 通用.jpg
  -> Safe: False | Score: 6/10 | Reason: Contains animal bone elements in the bottom right foreground.
  [REJECTED] Moving 窥天道 - ch47 - 通用.jpg to rejected folder.

Auditing: 窥牖见天道 - ch47 - 通用.jpg
  -> Safe: True | Score: 7/10 | Reason: None

Auditing: 竹子 - ch22 - 通用.jpg
  -> Safe: True | Score: 7/10 | Reason: None

Auditing: 竹简 - ch57 - 通用.jpg
  -> Safe: True | Score: 7/10 | Reason: None

Auditing: 箭墙 - 通用 - 通用.jpg
  -> Safe: False | Score: 4/10 | Reason: Contains violent battle imagery (arrows) and a small skull, creating a gloomy atmosphere.
  [REJECTED] Moving 箭墙 - 通用 - 通用.jpg to rejected folder.

Auditing: 箭头 - ch56 - 通用.jpg
  -> Safe: True | Score: 7/10 | Reason: None

Auditing: 粗糙泥土中 - ch04 - 通用.jpg
  -> Safe: True | Score: 6/10 | Reason: None

Auditing: 粗陶碗中的水 - ch45 - 通用.jpg
  -> Safe: True | Score: 7/10 | Reason: None

Auditing: 粗食 - ch67 - 通用.jpg
  -> Safe: True | Score: 7/10 | Reason: None

Auditing: 粮食 - ch77 - 通用.jpg
  -> Safe: True | Score: 6/10 | Reason: None

Auditing: 织布机 - 通用 - 通用.jpg
  -> Safe: True | Score: 7/10 | Reason: None

Auditing: 经年水滴在巨石上凿出凹痕 - ch01 - 通用.png
  -> Safe: True | Score: 6/10 | Reason: None

Auditing: 绝圣弃智 - ch19 - 通用.jpg
  -> Safe: True | Score: 6/10 | Reason: None

Auditing: 绢帛上墨迹晕染扩散 - ch01 - 通用.png
  -> Safe: True | Score: 7/10 | Reason: None

Auditing: 缰绳 - ch03 - 通用.jpg
  -> Safe: True | Score: 4/10 | Reason: None

Auditing: 羽毛 - ch36 - 通用.jpg
  -> Safe: True | Score: 7/10 | Reason: None

Auditing: 老木匠闭着眼睛 - ch54 - 通用.jpg
  -> Safe: True | Score: 7/10 | Reason: None

Auditing: 老树 - ch05 - 通用.jpg
  -> Safe: True | Score: 7/10 | Reason: None

Auditing: 老虎 - ch50 - 通用.jpg
  -> Safe: True | Score: 7/10 | Reason: None

Auditing: 老鹰 - ch28 - 通用.jpg
  -> Safe: True | Score: 7/10 | Reason: None

Auditing: 芦苇 - ch40 - 通用.jpg
  -> Safe: True | Score: 7/10 | Reason: None

Auditing: 花窗格投下的光影图案 - ch01 - 通用.png
  -> Safe: True | Score: 7/10 | Reason: None

Auditing: 茶盏上升起的蒸汽 - ch01 - 通用.png
  -> Safe: True | Score: 7/10 | Reason: None

Auditing: 荆棘岔路 - 通用 - 通用.jpg
  -> Safe: False | Score: 4/10 | Reason: Overly gloomy and eerie atmosphere with tombstone-like imagery.
  [REJECTED] Moving 荆棘岔路 - 通用 - 通用.jpg to rejected folder.

Auditing: 荒兮其未央 - ch20 - 通用.jpg
  -> Safe: True | Score: 6/10 | Reason: None

Auditing: 荒原上一棵孤树 - ch01 - 通用.png
  -> Safe: True | Score: 7/10 | Reason: None

Auditing: 荒野中 - ch05 (1) - 通用.jpg
  -> Safe: False | Score: 4/10 | Reason: Contains animal skull.
  [REJECTED] Moving 荒野中 - ch05 (1) - 通用.jpg to rejected folder.

Auditing: 荒野中 - ch05 - 通用.jpg
  -> Safe: False | Score: 4/10 | Reason: Depicts an animal skull, violating the policy against bones and death.
  [REJECTED] Moving 荒野中 - ch05 - 通用.jpg to rejected folder.

Auditing: 荒野孤灯 - 通用 - 通用.jpg
  -> Safe: True | Score: 6/10 | Reason: None

Auditing: 荷叶露珠 - 通用 - 通用.jpg
  -> Safe: True | Score: 7/10 | Reason: None

Auditing: 落叶 - ch03 - 通用.jpg
  -> Safe: True | Score: 7/10 | Reason: None

Auditing: 落叶 - ch16 - 通用.jpg
  -> Safe: True | Score: 7/10 | Reason: None

Auditing: 落叶归根 - ch16 - 通用.jpg
  -> Safe: True | Score: 7/10 | Reason: None

Auditing: 蒙着厚重灰尘的古铜镜 - ch22 - 通用.jpg
  -> Safe: True | Score: 7/10 | Reason: None

Auditing: 薄冰上刚落下一片枯叶 - ch64 - 通用.jpg
  -> Safe: True | Score: 7/10 | Reason: None

Auditing: 虎无所措其爪 - ch50 - 通用.jpg
  -> Safe: True | Score: 6/10 | Reason: None

Auditing: 虚己以游世 - 通用 - 通用.jpg
  -> Safe: True | Score: 7/10 | Reason: None

Auditing: 蜡烛 - ch03 - 通用.jpg
  -> Safe: True | Score: 6/10 | Reason: None

Auditing: 蝎子 - ch55 (1) - 通用.jpg
  -> Safe: True | Score: 7/10 | Reason: None

Auditing: 蝎子 - ch55 - 通用.jpg
  -> Safe: True | Score: 6/10 | Reason: None

Auditing: 血迹 - ch18 - 通用.jpg
  -> Safe: False | Score: 5/10 | Reason: Blood splatters present on the stone surface.
  [REJECTED] Moving 血迹 - ch18 - 通用.jpg to rejected folder.

Auditing: 被劈开一半的老竹子 - ch04 - 通用.jpg
  -> Safe: True | Score: 7/10 | Reason: None

Auditing: 被褐怀玉 - ch70 - 通用.jpg
  -> Safe: True | Score: 5/10 | Reason: None

Auditing: 褪色 - ch04 - 通用.jpg
  -> Safe: True | Score: 7/10 | Reason: None

Auditing: 见素 - ch19 - 通用.jpg
  -> Safe: True | Score: 6/10 | Reason: None

Auditing: 观复 - ch16 - 通用.jpg
  -> Safe: True | Score: 6/10 | Reason: None

Auditing: 败退 - 通用 - 通用.jpg
  -> Safe: True | Score: 6/10 | Reason: None

Auditing: 贵以贱为本 - ch39 - 通用.jpg
  -> Safe: True | Score: 6/10 | Reason: None

Auditing: 贵妇 - ch12 - 通用.jpg
  -> Safe: True | Score: 7/10 | Reason: None

Auditing: 踮脚 - ch24 - 通用.jpg
  -> Safe: True | Score: 6/10 | Reason: None

Auditing: 车轮中心的空毂 - ch01 - 通用.png
  -> Safe: True | Score: 7/10 | Reason: None

Auditing: 边关冷月 - 通用 - 通用.jpg
  -> Safe: True | Score: 6/10 | Reason: None

Auditing: 远景 - ch30 - 通用.jpg
  -> Safe: True | Score: 6/10 | Reason: None

Auditing: 远景中城池火光与烟尘 - ch01 - 通用.png
  -> Safe: False | Score: 4/10 | Reason: Gloomy and depressing atmosphere depicting burning, war-torn ruins.
  [REJECTED] Moving 远景中城池火光与烟尘 - ch01 - 通用.png to rejected folder.

Auditing: 透明容器中的黑水 - ch04 - 通用.jpg
  -> Safe: True | Score: 6/10 | Reason: None

Auditing: 透过磨砂质感的厚重旧纸窗 - ch56 - 通用.jpg
  -> Safe: True | Score: 7/10 | Reason: None

Auditing: 道者万物之奥 - ch62 - 通用.jpg
  -> Safe: True | Score: 7/10 | Reason: None

Auditing: 遗落的头盔 - 通用 - 通用.jpg
  -> Safe: False | Score: 5/10 | Reason: Gloomy battlefield theme representing war and death.
  [REJECTED] Moving 遗落的头盔 - 通用 - 通用.jpg to rejected folder.

Auditing: 避险之路 - ch50 - 通用.jpg
  [ERROR] Failed to audit 避险之路 - ch50 - 通用.jpg: 503 sendmsg: Broken pipe (32)

Auditing: 酒杯 - ch44 - 通用.jpg
  -> Safe: True | Score: 6/10 | Reason: None

Auditing: 金流孤舟 - 通用 - 通用.jpg
  -> Safe: True | Score: 7/10 | Reason: None

Auditing: 金玉 - ch44 - 通用.jpg
  -> Safe: True | Score: 7/10 | Reason: None

Auditing: 金锁 - ch09 - 通用.jpg
  -> Safe: True | Score: 6/10 | Reason: None

Auditing: 钥匙 - ch05 - 通用.jpg
  -> Safe: True | Score: 6/10 | Reason: None

Auditing: 铜镜 - ch10 - 通用.jpg
  -> Safe: True | Score: 6/10 | Reason: None

Auditing: 铜镜中映出模糊人影 - ch01 - 通用.png
  -> Safe: True | Score: 7/10 | Reason: None

Auditing: 镰刀 - ch03 - 通用.jpg
  -> Safe: True | Score: 6/10 | Reason: None

Auditing: 长廊 - ch01 - 通用.png
  -> Safe: True | Score: 6/10 | Reason: None

Auditing: 门 - ch03 - 通用.jpg
  -> Safe: True | Score: 6/10 | Reason: None

Auditing: 门槛 - ch67 - 通用.jpg
  -> Safe: True | Score: 6/10 | Reason: None

Auditing: 陡峭湿滑的暗色青石古道旁 - ch03 - 通用.jpg
  -> Safe: True | Score: 7/10 | Reason: None

Auditing: 雨丝 - ch73 - 通用.jpg
  -> Safe: True | Score: 6/10 | Reason: None

Auditing: 雪地 - ch27 - 通用.jpg
  -> Safe: True | Score: 7/10 | Reason: None

Auditing: 雷暴雨夜的宫廷大广场 - 通用 - 通用.jpg
  -> Safe: True | Score: 5/10 | Reason: None

Auditing: 震撼的日全食特写 - ch14 - 通用.jpg
  -> Safe: True | Score: 6/10 | Reason: None

Auditing: 青铜鼎 - 通用 - 通用.jpg
  -> Safe: True | Score: 7/10 | Reason: None

Auditing: 静笃 - ch16 - 通用.jpg
  -> Safe: True | Score: 6/10 | Reason: None

Auditing: 须发皆白的老者倚松沉思 - ch01 - 通用.png
  -> Safe: True | Score: 7/10 | Reason: None

Auditing: 飞蛾 - ch55 (1) - 通用.jpg
  -> Safe: True | Score: 6/10 | Reason: None

Auditing: 飞蛾 - ch55 - 通用.jpg
  -> Safe: True | Score: 7/10 | Reason: None

Auditing: 香炉 - ch01 - 通用.png
  -> Safe: True | Score: 7/10 | Reason: None

Auditing: 高台上 - ch42 - 通用.jpg
  -> Safe: True | Score: 6/10 | Reason: None

Auditing: 高山之巅 - ch77 - 通用.jpg
  -> Safe: True | Score: 7/10 | Reason: None

Auditing: 高速摄影下 - ch40 - 通用.jpg
  -> Safe: True | Score: 7/10 | Reason: None

Auditing: 鱼不可脱于渊 - ch36 - 通用.jpg
  -> Safe: True | Score: 6/10 | Reason: None

Auditing: 鸟笼 - ch01 - 通用.png
  -> Safe: True | Score: 7/10 | Reason: None

Auditing: 麻纸 - ch58 - 通用.jpg
  -> Safe: True | Score: 7/10 | Reason: None

Auditing: 黄昏时的石晷 - ch03 - 通用.jpg
  -> Safe: True | Score: 7/10 | Reason: None

Auditing: 黑夜中 - ch23 - 通用.jpg
  -> Safe: True | Score: 4/10 | Reason: None

Auditing: 黑暗中 - ch16 - 通用.jpg
  -> Safe: True | Score: 6/10 | Reason: None

Auditing: 黑暗中 - ch33 - 通用.jpg
  -> Safe: True | Score: 7/10 | Reason: None

Auditing: 黑暗中 - ch63 - 通用.jpg
  -> Safe: True | Score: 6/10 | Reason: None

Auditing: 黑暗乱石中 - ch20 - 通用.jpg
  -> Safe: True | Score: 6/10 | Reason: None

Auditing: 黑暗的墙面上 - ch01 - 通用.jpg
  -> Safe: True | Score: 6/10 | Reason: None

Auditing: 黑炭 - ch40 - 通用.jpg
  -> Safe: True | Score: 6/10 | Reason: None

Auditing: 黑白棋子落在棋盘上 - ch01 - 通用.png
  -> Safe: True | Score: 7/10 | Reason: None

Auditing: 黑石 - ch21 - 通用.jpg
  -> Safe: True | Score: 7/10 | Reason: None

Auditing: 极其宽广平静的黑色大河 - Ch61.jpg
  -> Safe: True | Score: 7/10 | Reason: None

Auditing: 巨石 - Ch61.jpg
  -> Safe: False | Score: 4/10 | Reason: Contains tombstones associated with death, and depicts an overly gloomy, stormy atmosphere.
  [REJECTED] Moving 巨石 - Ch61.jpg to rejected folder.

Auditing: 幽暗神庙的最深处角落 - Ch62.jpg
  -> Safe: True | Score: 6/10 | Reason: None

Auditing: 洗血衣 - Ch63.jpg
  -> Safe: True | Score: 5/10 | Reason: None

Auditing: 水滴 - Ch63.jpg
  -> Safe: True | Score: 7/10 | Reason: None

Auditing: 极其庞大的古树黑根旁 - Ch64.jpg
  -> Safe: True | Score: 6/10 | Reason: None

Auditing: 工匠满是泥浆的手 - Ch64.jpg
  -> Safe: True | Score: 7/10 | Reason: None

Auditing: 连弩 - Ch65.jpg
  -> Safe: True | Score: 5/10 | Reason: None

Auditing: 俯视视角 - Ch66.jpg
  -> Safe: True | Score: 7/10 | Reason: None

Auditing: 狂风暴雪中 - Ch67.jpg
  -> Safe: True | Score: 4/10 | Reason: None

Auditing: 暗帐中 - Ch68.jpg
  -> Safe: True | Score: 7/10 | Reason: None

Auditing: 古战场上 - Ch69.jpg
  -> Safe: True | Score: 4/10 | Reason: None

Auditing: 一只极其凶猛骄傲的猎鹰 - Ch69.jpg
  -> Safe: True | Score: 5/10 | Reason: None

Auditing: 破衣 - Ch70.jpg
  -> Safe: True | Score: 6/10 | Reason: None

Auditing: 观星台 - Ch70.jpg
  -> Safe: True | Score: 7/10 | Reason: None

Auditing: 极其宽广平静的黑色江水 - Ch61.jpg
  -> Safe: True | Score: 7/10 | Reason: None

Auditing: 木匣 - Ch62.jpg
  -> Safe: True | Score: 6/10 | Reason: None

Auditing: 黑暗中 - Ch63.jpg
  -> Safe: True | Score: 6/10 | Reason: None

Auditing: 一根极细、极利的骨针 - Ch63.jpg
  -> Safe: False | Score: 6/10 | Reason: Contains a visible bone tool.
  [REJECTED] Moving 一根极细、极利的骨针 - Ch63.jpg to rejected folder.

Auditing: 极度微距的地下视角 - Ch64.jpg
  -> Safe: True | Score: 6/10 | Reason: None

Auditing: 铁匠放弃了大锤 - Ch64.jpg
  -> Safe: True | Score: 6/10 | Reason: None

Auditing: 鲁班锁 - Ch65.jpg
  -> Safe: True | Score: 6/10 | Reason: None

Auditing: 天坑 - Ch66.jpg
  -> Safe: True | Score: 6/10 | Reason: None

Auditing: 暴风雪中 - Ch67.jpg
  -> Safe: False | Score: 4/10 | Reason: Hostile and gloomy atmosphere.
  [REJECTED] Moving 暴风雪中 - Ch67.jpg to rejected folder.

Auditing: 险峻山路上 - Ch67.jpg
  -> Safe: True | Score: 6/10 | Reason: None

Auditing: 出征前夜 - Ch68.jpg
  -> Safe: True | Score: 7/10 | Reason: None

Auditing: 古战场极度泥泞的土地上 - Ch69.jpg
  -> Safe: True | Score: 6/10 | Reason: None

Auditing: 断箭 - Ch69.jpg
  -> Safe: True | Score: 7/10 | Reason: None

Auditing: 漆黑肮脏的桥洞下 - Ch70.jpg
  -> Safe: True | Score: 5/10 | Reason: None

Auditing: 巨大古帆船的底舱漆黑一片 - Ch70.jpg
  -> Safe: True | Score: 7/10 | Reason: None

Auditing: 沉重的古木门微微开启 - Ch01.jpg
  -> Safe: True | Score: 6/10 | Reason: None

Auditing: 粗糙的骨白石墙上 - Ch02.jpg
  -> Safe: True | Score: 7/10 | Reason: None

Auditing: 白玉碗 - Ch03.jpg
  -> Safe: True | Score: 7/10 | Reason: None

Auditing: 隐藏在岩洞深处的深渊黑潭 - Ch04.jpg
  -> Safe: False | Score: 6/10 | Reason: Contains bones on the altar tables.
  [REJECTED] Moving 隐藏在岩洞深处的深渊黑潭 - Ch04.jpg to rejected folder.

Auditing: 极其广阔、死寂的冰封荒原 - Ch05.jpg
  -> Safe: True | Score: 6/10 | Reason: None

Auditing: 巨大的黑色垂直峡谷中 - Ch06.jpg
  -> Safe: True | Score: 7/10 | Reason: None

Auditing: 星轨 - Ch07.jpg
  -> Safe: True | Score: 7/10 | Reason: None

Auditing: 一股极其细微的清泉 - Ch08.jpg
  -> Safe: True | Score: 7/10 | Reason: None

Auditing: 一个倾覆的沉重黑木箱 - Ch09.jpg
  -> Safe: True | Score: 7/10 | Reason: None

Auditing: 漆黑的石洞中 - Ch10.jpg
  -> Safe: True | Score: 7/10 | Reason: None

Auditing: 空窗 - Ch11.jpg
  -> Safe: True | Score: 6/10 | Reason: None

Auditing: 编钟 - Ch12.jpg
  -> Safe: True | Score: 7/10 | Reason: None

Auditing: 宏大的黑色石阶上 - Ch13.jpg
  -> Safe: True | Score: 6/10 | Reason: None

Auditing: 老手 - Ch14.jpg
  -> Safe: True | Score: 7/10 | Reason: None

Auditing: 泥水 - Ch15.jpg
  -> Safe: True | Score: 7/10 | Reason: None

Auditing: 暗室中 - Ch71.jpg
  -> Safe: True | Score: 6/10 | Reason: None

Auditing: 一双满是泥污的赤脚 - Ch72.jpg
  -> Safe: True | Score: 6/10 | Reason: None

Auditing: 极其锋利的暗色古剑 - Ch73.jpg
  -> Safe: True | Score: 6/10 | Reason: None

Auditing: 铁斧 - Ch74.jpg
  -> Safe: False | Score: 3/10 | Reason: Contains blood stains on the axe handle and chopping block, presenting a violent and gloomy theme.
  [REJECTED] Moving 铁斧 - Ch74.jpg to rejected folder.

Auditing: 粮袋 - Ch75.jpg
  -> Safe: True | Score: 6/10 | Reason: None

Auditing: 暴雪中 - Ch76.jpg
  -> Safe: True | Score: 7/10 | Reason: None

Auditing: 一杆古老的木质大秤 - Ch77.jpg
  -> Safe: True | Score: 6/10 | Reason: None

Auditing: 一滴极其纯净柔软的水 - Ch78.jpg
  -> Safe: True | Score: 7/10 | Reason: None

Auditing: 一张沉重的实木桌子上 - Ch79.jpg
  -> Safe: True | Score: 7/10 | Reason: None

Auditing: 昏暗的谷仓角落 - Ch80.jpg
  -> Safe: True | Score: 5/10 | Reason: None

Auditing: 白粥 - Ch80.jpg
  -> Safe: True | Score: 7/10 | Reason: None

Auditing: 茅屋 - Ch80.jpg
  -> Safe: True | Score: 7/10 | Reason: None

Auditing: 黑暗的石桌上 - Ch81.jpg
  -> Safe: True | Score: 7/10 | Reason: None

Auditing: 黑暗中 - Ch81.jpg
  -> Safe: True | Score: 7/10 | Reason: None

Auditing: 浩瀚旋转的星空下 - Ch81.jpg
  -> Safe: True | Score: 7/10 | Reason: None

Auditing: 雨滴瓦片 - 通用.jpg
  -> Safe: True | Score: 7/10 | Reason: None

Auditing: 研墨 - 通用.jpg
  -> Safe: True | Score: 7/10 | Reason: None

Auditing: 斟茶 - 通用.jpg
  -> Safe: True | Score: 7/10 | Reason: None

Auditing: 烛光闪烁 - 通用.jpg
  -> Safe: True | Score: 6/10 | Reason: None

Auditing: 竹林随风 - 通用.jpg
  -> Safe: True | Score: 6/10 | Reason: None

Auditing: 落叶点水 - 通用.jpg
  -> Safe: True | Score: 7/10 | Reason: None

Auditing: 云海翻涌 - 通用.jpg
  -> Safe: True | Score: 7/10 | Reason: None

Auditing: 抚琴 - 通用.jpg
  -> Safe: True | Score: 7/10 | Reason: None

Auditing: 古书翻页 - 通用.jpg
  -> Safe: True | Score: 7/10 | Reason: None

Auditing: 雪落梅花 - 通用.jpg
  -> Safe: True | Score: 7/10 | Reason: None

Auditing: 孤舟剪影 - 通用.jpg
  -> Safe: True | Score: 7/10 | Reason: None

Auditing: 提灯夜行 - 通用.jpg
  -> Safe: False | Score: 4/10 | Reason: Anatomical AI artifact showing floating feet with no body.
  [REJECTED] Moving 提灯夜行 - 通用.jpg to rejected folder.

Auditing: 炉火纯青 - 通用.jpg
  -> Safe: True | Score: 7/10 | Reason: None

Auditing: 晨钟暮鼓 - 通用.jpg
  -> Safe: True | Score: 7/10 | Reason: None

Auditing: 俯视深海 - 通用.jpg
  -> Safe: True | Score: 7/10 | Reason: None

Auditing: 黑云 - 通用.jpg
  -> Safe: True | Score: 6/10 | Reason: None

Auditing: 知了 - 通用.jpg
  -> Safe: True | Score: 7/10 | Reason: None

Auditing: 冻手 - 通用.jpg
  -> Safe: True | Score: 7/10 | Reason: None

Auditing: 金印 - 通用.jpg
  -> Safe: True | Score: 7/10 | Reason: None

Auditing: 古树 - 通用.jpg
  -> Safe: True | Score: 7/10 | Reason: None

Auditing: 一把极其锋利的木匠铁斧 - 通用.jpg
  -> Safe: True | Score: 4/10 | Reason: None

Auditing: 暗影中 - 通用.jpg
  -> Safe: False | Score: 3/10 | Reason: Depressing atmosphere depicting a trapped animal.
  [REJECTED] Moving 暗影中 - 通用.jpg to rejected folder.

Auditing: 大葫芦 - 通用.jpg
  -> Safe: True | Score: 6/10 | Reason: None

Auditing: 铁链 - 通用.jpg
  -> Safe: True | Score: 4/10 | Reason: None

Auditing: 皮鞭 - 通用.jpg
  -> Safe: False | Score: 4/10 | Reason: Contains a bone and depicts an overly dark, gloomy atmosphere.
  [REJECTED] Moving 皮鞭 - 通用.jpg to rejected folder.

Auditing: 深海漆黑深渊中翻滚的潜流 - 通用.jpg
  -> Safe: True | Score: 7/10 | Reason: None

Auditing: 热浪 - 通用.jpg
  -> Safe: True | Score: 5/10 | Reason: None

Auditing: 巨船 - 通用.jpg
  -> Safe: True | Score: 6/10 | Reason: None

Auditing: 巨大的带纹理蛋壳正在崩裂 - 通用.jpg
  -> Safe: True | Score: 6/10 | Reason: None

Auditing: 从极窄的石井底部向上看 - 通用.jpg
  -> Safe: True | Score: 7/10 | Reason: None

Auditing: 涡流 - 通用.jpg
  -> Safe: True | Score: 6/10 | Reason: None

Auditing: 泥泞中一根崩断的旧缰绳 - 通用.jpg
  -> Safe: True | Score: 6/10 | Reason: None

Auditing: 白衣身影步入无边白雾 - 通用.jpg
  -> Safe: True | Score: 7/10 | Reason: None

Auditing: 垂柳下的一块光滑黑石 - 通用.jpg
  -> Safe: True | Score: 7/10 | Reason: None

Auditing: 丢弃在荆棘中的折断墨斗线 - 通用.jpg
  -> Safe: True | Score: 7/10 | Reason: None

Auditing: 葫芦 - 通用.jpg
  -> Safe: True | Score: 7/10 | Reason: None

Auditing: 布满灰尘的致命铁齿捕兽夹 - 通用.jpg
  -> Safe: False | Score: 4/10 | Reason: Gloomy atmosphere and themes of animal trapping.
  [REJECTED] Moving 布满灰尘的致命铁齿捕兽夹 - 通用.jpg to rejected folder.

Auditing: 熄灭 - 通用.jpg
  -> Safe: True | Score: 6/10 | Reason: None

Auditing: 黑旗 - 通用.jpg
  -> Safe: True | Score: 6/10 | Reason: None

Auditing: 脚印 - 通用.jpg
  -> Safe: True | Score: 7/10 | Reason: None

Auditing: 葵花 - 通用.jpg
  -> Safe: False | Score: 6/10 | Reason: Contains grave markers representing death.
  [REJECTED] Moving 葵花 - 通用.jpg to rejected folder.

Auditing: 蜘蛛网 - 通用.jpg
  -> Safe: True | Score: 6/10 | Reason: None

Auditing: 暮色中沉重的城门正在关上 - 通用.jpg
  -> Safe: True | Score: 7/10 | Reason: None

Auditing: 蝴蝶 - 通用.jpg
  -> Safe: True | Score: 7/10 | Reason: None

Auditing: 石阶上的黑瓷碗盛满白水 - 通用.jpg
  -> Safe: True | Score: 7/10 | Reason: None

Auditing: 黑暗中 - 通用.jpg
  -> Safe: True | Score: 7/10 | Reason: None

Auditing: 幽暗竹林中 - 通用.jpg
  -> Safe: True | Score: 7/10 | Reason: None

Auditing: 车轮 - 通用.jpg
  -> Safe: True | Score: 6/10 | Reason: None

Auditing: 一块极其圆润无暇的黑石 - 通用.jpg
  -> Safe: True | Score: 7/10 | Reason: None

Auditing: 狂暴浑浊的巨大江水 - 通用.jpg
  -> Safe: True | Score: 7/10 | Reason: None

Auditing: 井底 - 通用.jpg
  -> Safe: True | Score: 7/10 | Reason: None

Auditing: 泥泞中 - 通用.jpg
  -> Safe: True | Score: 6/10 | Reason: None

Auditing: 干裂漆黑的废土上 - 通用.jpg
  -> Safe: False | Score: 4/10 | Reason: Overly gloomy and depressing atmosphere depicting dying or dead fish in parched mud.
  [REJECTED] Moving 干裂漆黑的废土上 - 通用.jpg to rejected folder.

Auditing: 大湖 - 通用.jpg
  -> Safe: True | Score: 7/10 | Reason: None

Auditing: 一只处于暗影中的斗鸡 - 通用.jpg
  -> Safe: True | Score: 7/10 | Reason: None

Auditing: 从漆黑的石墙裂缝中望出去 - 通用.jpg
  -> Safe: True | Score: 7/10 | Reason: None

Auditing: 极远景 - 通用.jpg
  [ERROR] Failed to audit 极远景 - 通用.jpg: [Errno 32] Broken pipe

Auditing: 古老石桥的雕花栏杆下方 - 通用.jpg
  -> Safe: True | Score: 7/10 | Reason: None

Auditing: 空室 - 通用.jpg
  -> Safe: True | Score: 6/10 | Reason: None

Auditing: 一根木柴即将烧成灰烬崩塌 - 通用.jpg
  -> Safe: True | Score: 6/10 | Reason: None

Auditing: 古树 - 通用 (1).jpg
  -> Safe: True | Score: 6/10 | Reason: None

Auditing: 微距特写 - 通用.jpg
  -> Safe: False | Score: 4/10 | Reason: Contains bones and a weapon associated with death.
  [REJECTED] Moving 微距特写 - 通用.jpg to rejected folder.

Auditing: 大葫芦 - 通用 (1).jpg
  -> Safe: True | Score: 6/10 | Reason: None

Auditing: 幽暗中沉睡的长者面庞 - 通用.jpg
  -> Safe: True | Score: 7/10 | Reason: None

Auditing: 极度微距下 - 通用.jpg
  -> Safe: True | Score: 7/10 | Reason: None

Auditing: 黑色茶盏中的清水表面 - 通用.jpg
  -> Safe: True | Score: 7/10 | Reason: None

Auditing: 微距特写半透明的蝉翼 - 通用.jpg
  -> Safe: True | Score: 7/10 | Reason: None

Auditing: 挂在松针上的一滴球形露珠 - 通用.jpg
  -> Safe: True | Score: 7/10 | Reason: None

Auditing: 一支燃烧的细香 - 通用.jpg
  -> Safe: True | Score: 7/10 | Reason: None

Auditing: 在充满白雾的高山关隘中 - 通用.jpg
  -> Safe: True | Score: 7/10 | Reason: None

Auditing: 在厚重的洁白云海上 - 通用.jpg
  -> Safe: True | Score: 7/10 | Reason: None

Auditing: 一卷洁白的生丝挂在庭院中 - 通用.jpg
  -> Safe: True | Score: 7/10 | Reason: None

Auditing: 在大雪山巅 - 通用.jpg
  -> Safe: True | Score: 7/10 | Reason: None

Auditing: 暖金色的浪花泡沫 - 通用.jpg
  -> Safe: True | Score: 7/10 | Reason: None

Auditing: 黑夜繁茂的竹林深处 - 通用.jpg
  -> Safe: True | Score: 7/10 | Reason: None

Auditing: 庄子 - 通用.jpg
  -> Safe: True | Score: 7/10 | Reason: None

Auditing: 一滴浓墨落入清水 - 通用.jpg
  -> Safe: True | Score: 7/10 | Reason: None

Auditing: 庄子 - 通用 (1).jpg
  -> Safe: True | Score: 7/10 | Reason: None

Auditing: 金色的夕阳下 - 通用.jpg
  -> Safe: True | Score: 7/10 | Reason: None

Auditing: 庄子 - 通用 (2).jpg
  [ERROR] Failed to audit 庄子 - 通用 (2).jpg: The read operation timed out

Auditing: 暗夜的池塘里 - 通用.jpg
  [ERROR] Failed to audit 暗夜的池塘里 - 通用.jpg: [SSL: UNEXPECTED_EOF_WHILE_READING] EOF occurred in violation of protocol (_ssl.c:1028)

Auditing: 庄子 - 通用 (3).jpg
  -> Safe: True | Score: 7/10 | Reason: None

Auditing: 一卷展开的古旧丝绸卷轴 - 通用.jpg
  [ERROR] Failed to audit 一卷展开的古旧丝绸卷轴 - 通用.jpg: 403 You do not have permission to access the File 497zettb5ivu or it may not exist.

Auditing: 古庙内部的一束强烈光柱 - 通用.jpg
  -> Safe: True | Score: 7/10 | Reason: None

Auditing: 庄子 - 通用 (4).jpg
  -> Safe: True | Score: 7/10 | Reason: None

Auditing: 漆黑的石灰岩溶洞中 - 通用.jpg
  -> Safe: True | Score: 7/10 | Reason: None

Auditing: 数百片洁白的羽毛 - 通用.jpg
  -> Safe: True | Score: 7/10 | Reason: None

Auditing: 透过密集的黑竹林 - 通用.jpg
  -> Safe: True | Score: 7/10 | Reason: None

Auditing: 室外的石桌上 - 通用.jpg
  -> Safe: True | Score: 7/10 | Reason: None

Auditing: 庄子 - 通用 (5).jpg
  -> Safe: True | Score: 7/10 | Reason: None

Auditing: 一滴水触碰黑色液面 - 通用.jpg
  -> Safe: True | Score: 7/10 | Reason: None

Auditing: 青铜炉内 - 通用.jpg
  -> Safe: True | Score: 7/10 | Reason: None

Auditing: 粗糙的骨白石墙上 - 通用.jpg
  -> Safe: True | Score: 7/10 | Reason: None

Auditing: 长满青苔的古老石阶 - 通用.jpg
  -> Safe: True | Score: 7/10 | Reason: None

Auditing: 一轮巨大的金橙色满月 - 通用.jpg
  -> Safe: True | Score: 7/10 | Reason: None

Auditing: 风穿过古老中空的树洞 - 通用.jpg
  -> Safe: True | Score: 7/10 | Reason: None

Auditing: 壮丽的喀斯特石灰岩山峰 - 通用.jpg
  -> Safe: False | Score: 6/10 | Reason: The central rock formation closely resembles a skull.
  [REJECTED] Moving 壮丽的喀斯特石灰岩山峰 - 通用.jpg to rejected folder.

Auditing: 白纸屏风上 - 通用.jpg
  -> Safe: True | Score: 7/10 | Reason: None

Auditing: 庄子 - 通用 (6).jpg
  -> Safe: True | Score: 7/10 | Reason: None

Auditing: 庄子 - 通用 (7).jpg
  -> Safe: True | Score: 6/10 | Reason: None

Auditing: 庄子 - 通用 (8).jpg
  -> Safe: True | Score: 7/10 | Reason: None

Auditing: 未被触碰的古琴上方 - 通用.jpg
  -> Safe: True | Score: 7/10 | Reason: None

Auditing: 庄子 - 通用 (9).jpg
  -> Safe: True | Score: 7/10 | Reason: None

Auditing: 如镜的黑湖 - 通用.jpg
  -> Safe: True | Score: 7/10 | Reason: None

Auditing: 薄如蝉翼的青铜刀锋 - 通用.jpg
  -> Safe: True | Score: 6/10 | Reason: None

Auditing: 完美的暗色木质榫卯结构 - 通用.jpg
  -> Safe: True | Score: 7/10 | Reason: None

Auditing: 木砧板上的老铁刀 - 通用.jpg
  -> Safe: True | Score: 7/10 | Reason: None

Auditing: 黑炭化为白灰的瞬间 - 通用.jpg
  -> Safe: True | Score: 7/10 | Reason: None

Auditing: 青铜炉内积满白灰 - 通用.jpg
  -> Safe: True | Score: 7/10 | Reason: None

Auditing: 庄子 - 通用 (10).jpg
  -> Safe: True | Score: 7/10 | Reason: None

Auditing: 庄子 - 通用 (11).jpg
  -> Safe: True | Score: 7/10 | Reason: None

Auditing: 阳光斑驳的晨雾森林中 - 通用.jpg
  -> Safe: True | Score: 7/10 | Reason: None

Auditing: 黑湖面上 - 通用.jpg
  -> Safe: True | Score: 7/10 | Reason: None

Auditing: 半空中 - 通用.jpg
  -> Safe: True | Score: 7/10 | Reason: None

Auditing: 庄子 - 通用 (12).jpg
  -> Safe: True | Score: 6/10 | Reason: None

Auditing: 青铜炉内完美的白色香灰堆 - 通用.jpg
  -> Safe: True | Score: 7/10 | Reason: None

Auditing: 湖边长者的剪影 - 通用.jpg
  -> Safe: True | Score: 7/10 | Reason: None

Auditing: 庄子 - 通用 (13).jpg
  -> Safe: True | Score: 7/10 | Reason: None

Auditing: 庄子 - 通用 (14).jpg
  -> Safe: True | Score: 7/10 | Reason: None

Auditing: 庄子 - 通用 (15).jpg
  -> Safe: True | Score: 7/10 | Reason: None

Auditing: 微距特写震动的古琴丝弦 - 通用.jpg
  -> Safe: True | Score: 7/10 | Reason: None

Auditing: 幽暗山谷中 - 通用.jpg
  -> Safe: True | Score: 7/10 | Reason: None

Auditing: 空旷石室中 - 通用.jpg
  -> Safe: True | Score: 7/10 | Reason: None

Auditing: 庄子 - 通用 (16).jpg
  -> Safe: True | Score: 7/10 | Reason: None

Auditing: 枯枝末端的一点红亮余烬 - 通用.jpg
  -> Safe: True | Score: 7/10 | Reason: None

Auditing: 庄子 - 通用 (17).jpg
  -> Safe: True | Score: 7/10 | Reason: None

Auditing: 一卷破旧竹简作为支撑 - 通用.jpg
  -> Safe: True | Score: 7/10 | Reason: None

Auditing: 黎明时分的古村落 - 通用.jpg
  -> Safe: True | Score: 7/10 | Reason: None

Auditing: 庄子 - 通用 (18).jpg
  -> Safe: True | Score: 7/10 | Reason: None

Auditing: 庄子 - 通用 (19).jpg
  -> Safe: True | Score: 7/10 | Reason: None

Auditing: 庄子 - 通用 (20).jpg
  -> Safe: True | Score: 7/10 | Reason: None

Auditing: 极度微距下 - 通用 (1).jpg
  -> Safe: True | Score: 7/10 | Reason: None

Auditing: 庄子 - 通用 (21).jpg
  -> Safe: True | Score: 6/10 | Reason: None

Auditing: 庄子 - 通用 (22).jpg
  -> Safe: True | Score: 7/10 | Reason: None

Auditing: 古老开裂的石晷上 - 通用.jpg
  -> Safe: True | Score: 7/10 | Reason: None

Auditing: 庄子 - 通用 (23).jpg
  -> Safe: True | Score: 7/10 | Reason: None

Auditing: 高海拔古寺院中 - 通用.jpg
  -> Safe: True | Score: 7/10 | Reason: None

Auditing: 庄子 - 通用 (24).jpg
  -> Safe: True | Score: 7/10 | Reason: None

Auditing: 庄子 - 通用 (25).jpg
  -> Safe: True | Score: 7/10 | Reason: None

Auditing: 黄昏时分 - 通用.jpg
  -> Safe: True | Score: 7/10 | Reason: None

Auditing: 开裂的陈旧陶罐中 - 通用.jpg
  -> Safe: True | Score: 7/10 | Reason: None

Auditing: 黑夜中 - 通用.jpg
  -> Safe: True | Score: 7/10 | Reason: None

Auditing: 庄子 - 通用 (26).jpg
  -> Safe: True | Score: 7/10 | Reason: None

Auditing: 深色木碗里盛满洁白的盐晶 - 通用.jpg
  -> Safe: True | Score: 7/10 | Reason: None

Auditing: 道德经 - 通用.jpg
  -> Safe: True | Score: 7/10 | Reason: None

Auditing: 道德经 - 通用 (1).jpg
  -> Safe: True | Score: 7/10 | Reason: None

Auditing: 道德经 - 通用 (2).jpg
  -> Safe: True | Score: 6/10 | Reason: None

Auditing: 道德经 - 通用 (3).jpg
  -> Safe: True | Score: 7/10 | Reason: None

Auditing: 道德经 - 通用 (4).jpg
  -> Safe: True | Score: 7/10 | Reason: None

Auditing: 道德经 - 通用 (5).jpg
  -> Safe: True | Score: 6/10 | Reason: None

Auditing: 道德经 - 通用 (6).jpg
  -> Safe: True | Score: 7/10 | Reason: None

Auditing: 道德经 - 通用 (7).jpg
  -> Safe: True | Score: 7/10 | Reason: None

Auditing: 道德经 - 通用 (8).jpg
  -> Safe: True | Score: 7/10 | Reason: None

Auditing: 道德经 - 通用 (9).jpg
  -> Safe: True | Score: 7/10 | Reason: None

Auditing: 道德经 - 通用 (10).jpg
  -> Safe: True | Score: 7/10 | Reason: None

Auditing: 道德经 - 通用 (11).jpg
  -> Safe: True | Score: 7/10 | Reason: None

Auditing: 道德经 - 通用 (12).jpg
  -> Safe: True | Score: 7/10 | Reason: None

Auditing: 道德经 - 通用 (13).jpg
  -> Safe: True | Score: 7/10 | Reason: None

Auditing: 道德经 - 通用 (14).jpg
  -> Safe: True | Score: 7/10 | Reason: None

Auditing: 道德经 - 通用 (15).jpg
  -> Safe: True | Score: 7/10 | Reason: None

Auditing: 道德经 - 通用 (16).jpg
  -> Safe: True | Score: 7/10 | Reason: None

Auditing: 道德经 - 通用 (17).jpg
  -> Safe: True | Score: 7/10 | Reason: None

Auditing: 道德经 - 通用 (18).jpg
  -> Safe: True | Score: 6/10 | Reason: None

Auditing: 道德经 - 通用 (19).jpg
  -> Safe: True | Score: 7/10 | Reason: None

Auditing: 道德经 - 通用 (20).jpg
  -> Safe: True | Score: 7/10 | Reason: None

Auditing: 道德经 - 通用 (21).jpg
  -> Safe: True | Score: 7/10 | Reason: None

Auditing: 道德经 - 通用 (22).jpg
  -> Safe: True | Score: 6/10 | Reason: None

Auditing: 道德经 - 通用 (23).jpg
  -> Safe: True | Score: 7/10 | Reason: None

Auditing: 道德经 - 通用 (24).jpg
  -> Safe: True | Score: 7/10 | Reason: None

Auditing: 道德经 - 通用 (25).jpg
  -> Safe: True | Score: 7/10 | Reason: None

Auditing: 道德经 - 通用 (26).jpg
  -> Safe: True | Score: 7/10 | Reason: None

Auditing: 道德经 - 通用 (27).jpg
  -> Safe: True | Score: 7/10 | Reason: None

Auditing: 道德经 - 通用 (28).jpg
  -> Safe: True | Score: 7/10 | Reason: None

Auditing: 道德经 - 通用 (29).jpg
  -> Safe: True | Score: 6/10 | Reason: None

Auditing: 庄子 - 通用 (27).jpg
  -> Safe: True | Score: 7/10 | Reason: None

Auditing: 庄子 - 通用 (28).jpg
  -> Safe: True | Score: 7/10 | Reason: None

Auditing: 庄子 - 通用 (29).jpg
  -> Safe: True | Score: 6/10 | Reason: None

Auditing: 庄子 - 通用 (30).jpg
  -> Safe: True | Score: 7/10 | Reason: None

Auditing: 庄子 - 通用 (31).jpg
  -> Safe: True | Score: 7/10 | Reason: None

Auditing: 庄子 - 通用 (32).jpg
  -> Safe: True | Score: 7/10 | Reason: None

Auditing: 庄子 - 通用 (33).jpg
  -> Safe: True | Score: 7/10 | Reason: None

Auditing: 庄子 - 通用 (34).jpg
  -> Safe: True | Score: 7/10 | Reason: None

Auditing: 庄子 - 通用 (35).jpg
  -> Safe: True | Score: 7/10 | Reason: None

Auditing: 庄子 - 通用 (36).jpg
  -> Safe: True | Score: 7/10 | Reason: None

Auditing: 庄子 - 通用 (37).jpg
  -> Safe: True | Score: 7/10 | Reason: None

Auditing: 庄子 - 通用 (38).jpg
  -> Safe: True | Score: 6/10 | Reason: None

Auditing: 庄子 - 通用 (39).jpg
  -> Safe: True | Score: 7/10 | Reason: None

Auditing: 庄子 - 通用 (40).jpg
  -> Safe: True | Score: 7/10 | Reason: None

Auditing: 庄子 - 通用 (41).jpg
  -> Safe: True | Score: 7/10 | Reason: None

Auditing: 庄子 - 通用 (42).jpg
  -> Safe: True | Score: 7/10 | Reason: None

Auditing: 庄子 - 通用 (43).jpg
  -> Safe: True | Score: 7/10 | Reason: None

Auditing: 庄子 - 通用 (44).jpg
  -> Safe: True | Score: 7/10 | Reason: None

Auditing: 庄子 - 通用 (45).jpg
  -> Safe: True | Score: 7/10 | Reason: None

Auditing: 庄子 - 通用 (46).jpg
  -> Safe: True | Score: 7/10 | Reason: None

Auditing: 庄子 - 通用 (47).jpg
  -> Safe: True | Score: 7/10 | Reason: None

Auditing: 庄子 - 通用 (48).jpg
  -> Safe: True | Score: 7/10 | Reason: None

Auditing: 庄子 - 通用 (49).jpg
  -> Safe: True | Score: 6/10 | Reason: None

Auditing: 庄子 - 通用 (50).jpg
  -> Safe: True | Score: 6/10 | Reason: None

Auditing: 庄子 - 通用 (51).jpg
  -> Safe: True | Score: 7/10 | Reason: None

Auditing: 庄子 - 通用 (52).jpg
  -> Safe: True | Score: 7/10 | Reason: None

Auditing: 庄子 - 通用 (53).jpg
  -> Safe: True | Score: 6/10 | Reason: None

Auditing: 庄子 - 通用 (54).jpg
  -> Safe: True | Score: 6/10 | Reason: None

Auditing: 庄子 - 通用 (55).jpg
  -> Safe: True | Score: 7/10 | Reason: None

Auditing: 庄子 - 通用 (56).jpg
  -> Safe: True | Score: 7/10 | Reason: None

Auditing: 庄子 - 通用 (57).jpg
  -> Safe: True | Score: 7/10 | Reason: None

Auditing: 庄子 - 通用 (58).jpg
  -> Safe: True | Score: 7/10 | Reason: None

Auditing: 庄子 - 通用 (59).jpg
  -> Safe: True | Score: 6/10 | Reason: None

Auditing: 庄子 - 通用 (60).jpg
  -> Safe: True | Score: 7/10 | Reason: None

Auditing: 庄子 - 通用 (61).jpg
  -> Safe: True | Score: 7/10 | Reason: None

Auditing: 庄子 - 通用 (62).jpg
  -> Safe: True | Score: 7/10 | Reason: None

Auditing: 庄子 - 通用 (63).jpg
  -> Safe: True | Score: 7/10 | Reason: None

Auditing: 庄子 - 通用 (64).jpg
  -> Safe: True | Score: 7/10 | Reason: None

Auditing: 庄子 - 通用 (65).jpg
  -> Safe: False | Score: 6/10 | Reason: Contains an animal skull violating content guidelines.
  [REJECTED] Moving 庄子 - 通用 (65).jpg to rejected folder.

Auditing: 庄子 - 通用 (66).jpg
  -> Safe: True | Score: 7/10 | Reason: None

Auditing: 庄子 - 通用 (67).jpg
  -> Safe: True | Score: 7/10 | Reason: None

Auditing: 庄子 - 通用 (68).jpg
  -> Safe: True | Score: 6/10 | Reason: None

Auditing: 庄子 - 通用 (69).jpg
  -> Safe: True | Score: 7/10 | Reason: None

Auditing: 庄子 - 通用 (70).jpg
  -> Safe: True | Score: 6/10 | Reason: None

Auditing: 庄子 - 通用 (71).jpg
  -> Safe: True | Score: 7/10 | Reason: None

Auditing: 庄子 - 通用 (72).jpg
  -> Safe: True | Score: 7/10 | Reason: None

Auditing: 庄子 - 通用 (73).jpg
  -> Safe: True | Score: 7/10 | Reason: None

Auditing: 道德经 - 通用 (30).jpg
  -> Safe: True | Score: 7/10 | Reason: None

Auditing: 道德经 - 通用 (31).jpg
  -> Safe: True | Score: 7/10 | Reason: None

Auditing: 道德经 - 通用 (32).jpg
  -> Safe: True | Score: 6/10 | Reason: None

Auditing: 道德经 - 通用 (33).jpg
  -> Safe: True | Score: 7/10 | Reason: None

Auditing: 道德经 - 通用 (34).jpg
  -> Safe: True | Score: 7/10 | Reason: None

Auditing: 道德经 - 通用 (35).jpg
  -> Safe: True | Score: 7/10 | Reason: None

Auditing: 道德经 - 通用 (36).jpg
  -> Safe: True | Score: 7/10 | Reason: None

Auditing: 道德经 - 通用 (37).jpg
  -> Safe: True | Score: 6/10 | Reason: None

Auditing: 道德经 - 通用 (38).jpg
  -> Safe: True | Score: 7/10 | Reason: None

Auditing: 道德经 - 通用 (39).jpg
  -> Safe: True | Score: 7/10 | Reason: None

Auditing: 道德经 - 通用 (40).jpg
  -> Safe: True | Score: 7/10 | Reason: None

Auditing: 道德经 - 通用 (41).jpg
  -> Safe: True | Score: 7/10 | Reason: None

Auditing: 道德经 - 通用 (42).jpg
  -> Safe: True | Score: 7/10 | Reason: None

Auditing: 道德经 - 通用 (43).jpg
  -> Safe: True | Score: 7/10 | Reason: None

Auditing: 道德经 - 通用 (44).jpg
  -> Safe: True | Score: 6/10 | Reason: None

Auditing: 道德经 - 通用 (45).jpg
  -> Safe: True | Score: 7/10 | Reason: None

Auditing: 道德经 - 通用 (46).jpg
  -> Safe: True | Score: 7/10 | Reason: None

Auditing: 道德经 - 通用 (47).jpg
  -> Safe: True | Score: 7/10 | Reason: None

Auditing: 道德经 - 通用 (48).jpg
  -> Safe: True | Score: 7/10 | Reason: None

Auditing: 道德经 - 通用 (49).jpg
  -> Safe: True | Score: 7/10 | Reason: None

Auditing: 道德经 - 通用 (50).jpg
  -> Safe: True | Score: 7/10 | Reason: None

Auditing: 道德经 - 通用 (51).jpg
  -> Safe: True | Score: 7/10 | Reason: None

Auditing: 道德经 - 通用 (52).jpg
  -> Safe: True | Score: 7/10 | Reason: None

Auditing: 道德经 - 通用 (53).jpg
  -> Safe: True | Score: 6/10 | Reason: None

Auditing: 道德经 - 通用 (54).jpg
  -> Safe: True | Score: 7/10 | Reason: None

Auditing: 道德经 - 通用 (55).jpg
  -> Safe: True | Score: 7/10 | Reason: None

Auditing: 道德经 - 通用 (56).jpg
  -> Safe: True | Score: 7/10 | Reason: None

Auditing: 道德经 - 通用 (57).jpg
  -> Safe: True | Score: 7/10 | Reason: None

Auditing: 道德经 - 通用 (58).jpg
  -> Safe: True | Score: 7/10 | Reason: None

Auditing: 道德经 - 通用 (59).jpg
  -> Safe: True | Score: 7/10 | Reason: None

Auditing: 宫廷 - 通用.jpg
  -> Safe: True | Score: 6/10 | Reason: None

Auditing: 宫廷 - 通用 (1).jpg
  -> Safe: True | Score: 6/10 | Reason: None

Auditing: 宫廷 - 通用 (2).jpg
  -> Safe: True | Score: 5/10 | Reason: None

Auditing: 宫廷 - 通用 (3).jpg
  -> Safe: True | Score: 6/10 | Reason: None

Auditing: 宫廷 - 通用 (4).jpg
  -> Safe: True | Score: 6/10 | Reason: None

Auditing: 宫廷 - 通用 (5).jpg
  -> Safe: True | Score: 6/10 | Reason: None

Auditing: 宫廷 - 通用 (6).jpg
  -> Safe: True | Score: 7/10 | Reason: None

Auditing: 宫廷 - 通用 (7).jpg
  -> Safe: True | Score: 7/10 | Reason: None

Auditing: 宫廷 - 通用 (8).jpg
  -> Safe: True | Score: 7/10 | Reason: None

Auditing: 宫廷 - 通用 (9).jpg
  -> Safe: True | Score: 6/10 | Reason: None

Auditing: 宫廷 - 通用 (10).jpg
  -> Safe: True | Score: 5/10 | Reason: None

Auditing: 宫廷 - 通用 (11).jpg
  -> Safe: True | Score: 7/10 | Reason: None

Auditing: 宫廷 - 通用 (12).jpg
  -> Safe: True | Score: 6/10 | Reason: None

Auditing: 宫廷 - 通用 (13).jpg
  -> Safe: True | Score: 7/10 | Reason: None

Auditing: 宫廷 - 通用 (14).jpg
  -> Safe: True | Score: 6/10 | Reason: None

Auditing: 宫廷 - 通用 (15).jpg
  -> Safe: True | Score: 7/10 | Reason: None

Auditing: 宫廷 - 通用 (16).jpg
  -> Safe: True | Score: 6/10 | Reason: None

Auditing: 宫廷 - 通用 (17).jpg
  -> Safe: True | Score: 6/10 | Reason: None

Auditing: 宫廷 - 通用 (18).jpg
  -> Safe: True | Score: 5/10 | Reason: None

Auditing: 宫廷 - 通用 (19).jpg
  -> Safe: True | Score: 6/10 | Reason: None

Auditing: 宫廷 - 通用 (20).jpg
  -> Safe: True | Score: 5/10 | Reason: None

Auditing: 宫廷 - 通用 (21).jpg
  -> Safe: True | Score: 6/10 | Reason: None

Auditing: 宫廷 - 通用 (22).jpg
  -> Safe: True | Score: 6/10 | Reason: None

Auditing: 宫廷 - 通用 (23).jpg
  -> Safe: True | Score: 6/10 | Reason: None

Auditing: 宫廷 - 通用 (24).jpg
  -> Safe: True | Score: 6/10 | Reason: None

Auditing: 宫廷 - 通用 (25).jpg
  -> Safe: True | Score: 5/10 | Reason: None

Auditing: 宫廷 - 通用 (26).jpg
  -> Safe: True | Score: 5/10 | Reason: None

Auditing: 宫廷 - 通用 (27).jpg
  -> Safe: True | Score: 6/10 | Reason: None

Auditing: 宫廷 - 通用 (28).jpg
  -> Safe: True | Score: 6/10 | Reason: None

Auditing: 宫廷 - 通用 (29).jpg
  -> Safe: True | Score: 6/10 | Reason: None

Audit Paused/Complete. Rejected 32 images out of 868 checked.
